19 Aug 2021 - 16:51:02.577 [main] INFO  org.hibernate.Version - HHH000412: Hibernate ORM core version 5.5.6.Final
19 Aug 2021 - 17:27:34.872 [main] INFO  org.hibernate.Version - HHH000412: Hibernate ORM core version 5.5.6.Final
19 Aug 2021 - 17:27:35.459 [main] INFO  o.h.annotations.common.Version - HCANN000001: Hibernate Commons Annotations {5.1.2.Final}
19 Aug 2021 - 17:27:35.680 [main] WARN  o.hibernate.orm.connections.pooling - HHH10001002: Using Hibernate built-in connection pool (not for production use!)
19 Aug 2021 - 17:27:35.684 [main] INFO  o.hibernate.orm.connections.pooling - HHH10001005: using driver [org.mariadb.jdbc.Driver] at URL [jdbc:mariadb://database-1.calk4kcivfod.us-east-2.rds.amazonaws.com:3306/hibernate-demo]
19 Aug 2021 - 17:27:35.685 [main] INFO  o.hibernate.orm.connections.pooling - HHH10001001: Connection properties: {password=****, user=admin}
19 Aug 2021 - 17:27:35.685 [main] INFO  o.hibernate.orm.connections.pooling - HHH10001003: Autocommit mode: false
19 Aug 2021 - 17:27:35.688 [main] INFO  o.h.e.j.c.i.DriverManagerConnectionProviderImpl - HHH000115: Hibernate connection pool size: 20 (min=1)
19 Aug 2021 - 17:27:36.171 [main] INFO  org.hibernate.dialect.Dialect - HHH000400: Using dialect: org.hibernate.dialect.MariaDB103Dialect
19 Aug 2021 - 17:31:25.898 [main] INFO  org.hibernate.Version - HHH000412: Hibernate ORM core version 5.5.6.Final
19 Aug 2021 - 17:31:26.517 [main] INFO  o.h.annotations.common.Version - HCANN000001: Hibernate Commons Annotations {5.1.2.Final}
19 Aug 2021 - 17:31:26.731 [main] WARN  o.hibernate.orm.connections.pooling - HHH10001002: Using Hibernate built-in connection pool (not for production use!)
19 Aug 2021 - 17:31:26.735 [main] INFO  o.hibernate.orm.connections.pooling - HHH10001005: using driver [org.mariadb.jdbc.Driver] at URL [jdbc:mariadb://database-1.calk4kcivfod.us-east-2.rds.amazonaws.com:3306/project-1]
19 Aug 2021 - 17:31:26.735 [main] INFO  o.hibernate.orm.connections.pooling - HHH10001001: Connection properties: {password=****, user=admin}
19 Aug 2021 - 17:31:26.736 [main] INFO  o.hibernate.orm.connections.pooling - HHH10001003: Autocommit mode: false
19 Aug 2021 - 17:31:26.738 [main] INFO  o.h.e.j.c.i.DriverManagerConnectionProviderImpl - HHH000115: Hibernate connection pool size: 20 (min=1)
19 Aug 2021 - 17:31:27.249 [main] INFO  org.hibernate.dialect.Dialect - HHH000400: Using dialect: org.hibernate.dialect.MariaDB103Dialect
20 Aug 2021 - 09:43:38.587 [main] INFO  org.hibernate.Version - HHH000412: Hibernate ORM core version 5.5.6.Final
20 Aug 2021 - 09:43:39.316 [main] INFO  o.h.annotations.common.Version - HCANN000001: Hibernate Commons Annotations {5.1.2.Final}
20 Aug 2021 - 09:43:39.629 [main] WARN  o.hibernate.orm.connections.pooling - HHH10001002: Using Hibernate built-in connection pool (not for production use!)
20 Aug 2021 - 09:43:39.635 [main] INFO  o.hibernate.orm.connections.pooling - HHH10001005: using driver [org.mariadb.jdbc.Driver] at URL [jdbc:mariadb://database-1.calk4kcivfod.us-east-2.rds.amazonaws.com:3306/project-1]
20 Aug 2021 - 09:43:39.636 [main] INFO  o.hibernate.orm.connections.pooling - HHH10001001: Connection properties: {password=****, user=admin}
20 Aug 2021 - 09:43:39.636 [main] INFO  o.hibernate.orm.connections.pooling - HHH10001003: Autocommit mode: false
20 Aug 2021 - 09:43:39.639 [main] INFO  o.h.e.j.c.i.DriverManagerConnectionProviderImpl - HHH000115: Hibernate connection pool size: 20 (min=1)
20 Aug 2021 - 09:43:40.096 [main] INFO  org.hibernate.dialect.Dialect - HHH000400: Using dialect: org.hibernate.dialect.MariaDB103Dialect
20 Aug 2021 - 10:20:43.393 [main] INFO  org.hibernate.Version - HHH000412: Hibernate ORM core version 5.5.6.Final
20 Aug 2021 - 10:20:45.048 [main] INFO  o.h.annotations.common.Version - HCANN000001: Hibernate Commons Annotations {5.1.2.Final}
20 Aug 2021 - 10:20:45.777 [main] WARN  o.hibernate.orm.connections.pooling - HHH10001002: Using Hibernate built-in connection pool (not for production use!)
20 Aug 2021 - 10:20:45.788 [main] INFO  o.hibernate.orm.connections.pooling - HHH10001005: using driver [org.mariadb.jdbc.Driver] at URL [jdbc:mariadb://database-1.calk4kcivfod.us-east-2.rds.amazonaws.com:3306/project-1]
20 Aug 2021 - 10:20:45.789 [main] INFO  o.hibernate.orm.connections.pooling - HHH10001001: Connection properties: {password=****, user=admin}
20 Aug 2021 - 10:20:45.789 [main] INFO  o.hibernate.orm.connections.pooling - HHH10001003: Autocommit mode: false
20 Aug 2021 - 10:20:45.798 [main] INFO  o.h.e.j.c.i.DriverManagerConnectionProviderImpl - HHH000115: Hibernate connection pool size: 20 (min=1)
20 Aug 2021 - 10:20:46.504 [main] INFO  org.hibernate.dialect.Dialect - HHH000400: Using dialect: org.hibernate.dialect.MariaDB103Dialect
20 Aug 2021 - 13:08:47.871 [main] INFO  org.hibernate.Version - HHH000412: Hibernate ORM core version 5.5.6.Final
20 Aug 2021 - 13:08:49.709 [main] INFO  o.h.annotations.common.Version - HCANN000001: Hibernate Commons Annotations {5.1.2.Final}
20 Aug 2021 - 13:08:50.452 [main] WARN  o.hibernate.orm.connections.pooling - HHH10001002: Using Hibernate built-in connection pool (not for production use!)
20 Aug 2021 - 13:08:50.477 [main] INFO  o.hibernate.orm.connections.pooling - HHH10001005: using driver [org.mariadb.jdbc.Driver] at URL [jdbc:mariadb://database-1.calk4kcivfod.us-east-2.rds.amazonaws.com:3306/project-1]
20 Aug 2021 - 13:08:50.479 [main] INFO  o.hibernate.orm.connections.pooling - HHH10001001: Connection properties: {password=****, user=admin}
20 Aug 2021 - 13:08:50.480 [main] INFO  o.hibernate.orm.connections.pooling - HHH10001003: Autocommit mode: false
20 Aug 2021 - 13:08:50.493 [main] INFO  o.h.e.j.c.i.DriverManagerConnectionProviderImpl - HHH000115: Hibernate connection pool size: 20 (min=1)
20 Aug 2021 - 13:08:51.384 [main] INFO  org.hibernate.dialect.Dialect - HHH000400: Using dialect: org.hibernate.dialect.MariaDB103Dialect
20 Aug 2021 - 13:08:52.913 [main] INFO  o.hibernate.orm.connections.pooling - HHH10001008: Cleaning up connection pool [jdbc:mariadb://database-1.calk4kcivfod.us-east-2.rds.amazonaws.com:3306/project-1]
20 Aug 2021 - 13:57:27.163 [main] INFO  org.hibernate.Version - HHH000412: Hibernate ORM core version 5.5.6.Final
20 Aug 2021 - 13:57:27.854 [main] INFO  o.h.annotations.common.Version - HCANN000001: Hibernate Commons Annotations {5.1.2.Final}
20 Aug 2021 - 13:57:28.144 [main] WARN  o.hibernate.orm.connections.pooling - HHH10001002: Using Hibernate built-in connection pool (not for production use!)
20 Aug 2021 - 13:57:28.149 [main] INFO  o.hibernate.orm.connections.pooling - HHH10001005: using driver [org.mariadb.jdbc.Driver] at URL [jdbc:mariadb://database-1.calk4kcivfod.us-east-2.rds.amazonaws.com:3306/project-1]
20 Aug 2021 - 13:57:28.150 [main] INFO  o.hibernate.orm.connections.pooling - HHH10001001: Connection properties: {password=****, user=admin}
20 Aug 2021 - 13:57:28.150 [main] INFO  o.hibernate.orm.connections.pooling - HHH10001003: Autocommit mode: false
20 Aug 2021 - 13:57:28.154 [main] INFO  o.h.e.j.c.i.DriverManagerConnectionProviderImpl - HHH000115: Hibernate connection pool size: 20 (min=1)
20 Aug 2021 - 13:57:28.775 [main] INFO  org.hibernate.dialect.Dialect - HHH000400: Using dialect: org.hibernate.dialect.MariaDB103Dialect
20 Aug 2021 - 13:57:29.250 [main] INFO  o.hibernate.orm.connections.pooling - HHH10001008: Cleaning up connection pool [jdbc:mariadb://database-1.calk4kcivfod.us-east-2.rds.amazonaws.com:3306/project-1]
20 Aug 2021 - 17:31:10.201 [main] INFO  org.hibernate.Version - HHH000412: Hibernate ORM core version 5.5.6.Final
20 Aug 2021 - 17:31:11.746 [main] INFO  o.h.annotations.common.Version - HCANN000001: Hibernate Commons Annotations {5.1.2.Final}
20 Aug 2021 - 17:31:12.481 [main] WARN  o.hibernate.orm.connections.pooling - HHH10001002: Using Hibernate built-in connection pool (not for production use!)
20 Aug 2021 - 17:31:12.491 [main] INFO  o.hibernate.orm.connections.pooling - HHH10001005: using driver [org.mariadb.jdbc.Driver] at URL [jdbc:mariadb://database-1.calk4kcivfod.us-east-2.rds.amazonaws.com:3306/project-1]
20 Aug 2021 - 17:31:12.492 [main] INFO  o.hibernate.orm.connections.pooling - HHH10001001: Connection properties: {password=****, user=admin}
20 Aug 2021 - 17:31:12.493 [main] INFO  o.hibernate.orm.connections.pooling - HHH10001003: Autocommit mode: false
20 Aug 2021 - 17:31:12.504 [main] INFO  o.h.e.j.c.i.DriverManagerConnectionProviderImpl - HHH000115: Hibernate connection pool size: 20 (min=1)
20 Aug 2021 - 17:31:13.383 [main] INFO  org.hibernate.dialect.Dialect - HHH000400: Using dialect: org.hibernate.dialect.MariaDB103Dialect
20 Aug 2021 - 17:31:16.020 [main] INFO  org.hibernate.orm.connections.access - HHH10001501: Connection obtained from JdbcConnectionAccess [org.hibernate.engine.jdbc.env.internal.JdbcEnvironmentInitiator$ConnectionProviderJdbcConnectionAccess@ae73c80] for (non-JTA) DDL execution was not in auto-commit mode; the Connection 'local transaction' will be committed and the Connection will be set into auto-commit mode.
20 Aug 2021 - 17:31:16.143 [main] WARN  o.h.t.s.i.ExceptionHandlerLoggedImpl - GenerationTarget encountered exception accepting command : Error executing DDL "alter table ersreimbursement drop foreign key if exists FKmleyp8l3f1mc2t2ovnw713lj7" via JDBC Statement
org.hibernate.tool.schema.spi.CommandAcceptanceException: Error executing DDL "alter table ersreimbursement drop foreign key if exists FKmleyp8l3f1mc2t2ovnw713lj7" via JDBC Statement
	at org.hibernate.tool.schema.internal.exec.GenerationTargetToDatabase.accept(GenerationTargetToDatabase.java:67)
	at org.hibernate.tool.schema.internal.SchemaDropperImpl.applySqlString(SchemaDropperImpl.java:375)
	at org.hibernate.tool.schema.internal.SchemaDropperImpl.applySqlStrings(SchemaDropperImpl.java:359)
	at org.hibernate.tool.schema.internal.SchemaDropperImpl.applyConstraintDropping(SchemaDropperImpl.java:331)
	at org.hibernate.tool.schema.internal.SchemaDropperImpl.dropFromMetadata(SchemaDropperImpl.java:230)
	at org.hibernate.tool.schema.internal.SchemaDropperImpl.performDrop(SchemaDropperImpl.java:154)
	at org.hibernate.tool.schema.internal.SchemaDropperImpl.doDrop(SchemaDropperImpl.java:126)
	at org.hibernate.tool.schema.internal.SchemaDropperImpl.doDrop(SchemaDropperImpl.java:112)
	at org.hibernate.tool.schema.spi.SchemaManagementToolCoordinator.performDatabaseAction(SchemaManagementToolCoordinator.java:153)
	at org.hibernate.tool.schema.spi.SchemaManagementToolCoordinator.process(SchemaManagementToolCoordinator.java:81)
	at org.hibernate.internal.SessionFactoryImpl.<init>(SessionFactoryImpl.java:327)
	at org.hibernate.boot.internal.SessionFactoryBuilderImpl.build(SessionFactoryBuilderImpl.java:471)
	at org.hibernate.cfg.Configuration.buildSessionFactory(Configuration.java:728)
	at org.hibernate.cfg.Configuration.buildSessionFactory(Configuration.java:744)
	at com.revature.util.SessionFactorySingleton.getSessionFactory(SessionFactorySingleton.java:17)
	at com.revature.util.PopulateDataInDatabase.populateReinbursementStatus_ReinbursementType_UserRole(PopulateDataInDatabase.java:19)
	at com.revature.util.PopulateDataInDatabase.main(PopulateDataInDatabase.java:15)
Caused by: java.sql.SQLSyntaxErrorException: (conn=6991) Table 'project-1.ersreimbursement' doesn't exist
	at org.mariadb.jdbc.internal.util.exceptions.ExceptionFactory.createException(ExceptionFactory.java:62)
	at org.mariadb.jdbc.internal.util.exceptions.ExceptionFactory.create(ExceptionFactory.java:158)
	at org.mariadb.jdbc.MariaDbStatement.executeExceptionEpilogue(MariaDbStatement.java:266)
	at org.mariadb.jdbc.MariaDbStatement.executeInternal(MariaDbStatement.java:366)
	at org.mariadb.jdbc.MariaDbStatement.execute(MariaDbStatement.java:504)
	at org.hibernate.tool.schema.internal.exec.GenerationTargetToDatabase.accept(GenerationTargetToDatabase.java:54)
	... 16 common frames omitted
Caused by: org.mariadb.jdbc.internal.util.exceptions.MariaDbSqlException: Table 'project-1.ersreimbursement' doesn't exist
	at org.mariadb.jdbc.internal.util.exceptions.MariaDbSqlException.of(MariaDbSqlException.java:34)
	at org.mariadb.jdbc.internal.protocol.AbstractQueryProtocol.exceptionWithQuery(AbstractQueryProtocol.java:194)
	at org.mariadb.jdbc.internal.protocol.AbstractQueryProtocol.executeQuery(AbstractQueryProtocol.java:262)
	at org.mariadb.jdbc.MariaDbStatement.executeInternal(MariaDbStatement.java:360)
	... 18 common frames omitted
Caused by: java.sql.SQLException: Table 'project-1.ersreimbursement' doesn't exist
	at org.mariadb.jdbc.internal.protocol.AbstractQueryProtocol.readErrorPacket(AbstractQueryProtocol.java:1694)
	at org.mariadb.jdbc.internal.protocol.AbstractQueryProtocol.readPacket(AbstractQueryProtocol.java:1556)
	at org.mariadb.jdbc.internal.protocol.AbstractQueryProtocol.getResult(AbstractQueryProtocol.java:1519)
	at org.mariadb.jdbc.internal.protocol.AbstractQueryProtocol.executeQuery(AbstractQueryProtocol.java:256)
	... 19 common frames omitted
20 Aug 2021 - 17:31:16.207 [main] WARN  o.h.t.s.i.ExceptionHandlerLoggedImpl - GenerationTarget encountered exception accepting command : Error executing DDL "alter table ersreimbursement drop foreign key if exists FKi4gekv5r6l8fjp1eqkakq0bti" via JDBC Statement
org.hibernate.tool.schema.spi.CommandAcceptanceException: Error executing DDL "alter table ersreimbursement drop foreign key if exists FKi4gekv5r6l8fjp1eqkakq0bti" via JDBC Statement
	at org.hibernate.tool.schema.internal.exec.GenerationTargetToDatabase.accept(GenerationTargetToDatabase.java:67)
	at org.hibernate.tool.schema.internal.SchemaDropperImpl.applySqlString(SchemaDropperImpl.java:375)
	at org.hibernate.tool.schema.internal.SchemaDropperImpl.applySqlStrings(SchemaDropperImpl.java:359)
	at org.hibernate.tool.schema.internal.SchemaDropperImpl.applyConstraintDropping(SchemaDropperImpl.java:331)
	at org.hibernate.tool.schema.internal.SchemaDropperImpl.dropFromMetadata(SchemaDropperImpl.java:230)
	at org.hibernate.tool.schema.internal.SchemaDropperImpl.performDrop(SchemaDropperImpl.java:154)
	at org.hibernate.tool.schema.internal.SchemaDropperImpl.doDrop(SchemaDropperImpl.java:126)
	at org.hibernate.tool.schema.internal.SchemaDropperImpl.doDrop(SchemaDropperImpl.java:112)
	at org.hibernate.tool.schema.spi.SchemaManagementToolCoordinator.performDatabaseAction(SchemaManagementToolCoordinator.java:153)
	at org.hibernate.tool.schema.spi.SchemaManagementToolCoordinator.process(SchemaManagementToolCoordinator.java:81)
	at org.hibernate.internal.SessionFactoryImpl.<init>(SessionFactoryImpl.java:327)
	at org.hibernate.boot.internal.SessionFactoryBuilderImpl.build(SessionFactoryBuilderImpl.java:471)
	at org.hibernate.cfg.Configuration.buildSessionFactory(Configuration.java:728)
	at org.hibernate.cfg.Configuration.buildSessionFactory(Configuration.java:744)
	at com.revature.util.SessionFactorySingleton.getSessionFactory(SessionFactorySingleton.java:17)
	at com.revature.util.PopulateDataInDatabase.populateReinbursementStatus_ReinbursementType_UserRole(PopulateDataInDatabase.java:19)
	at com.revature.util.PopulateDataInDatabase.main(PopulateDataInDatabase.java:15)
Caused by: java.sql.SQLSyntaxErrorException: (conn=6991) Table 'project-1.ersreimbursement' doesn't exist
	at org.mariadb.jdbc.internal.util.exceptions.ExceptionFactory.createException(ExceptionFactory.java:62)
	at org.mariadb.jdbc.internal.util.exceptions.ExceptionFactory.create(ExceptionFactory.java:158)
	at org.mariadb.jdbc.MariaDbStatement.executeExceptionEpilogue(MariaDbStatement.java:266)
	at org.mariadb.jdbc.MariaDbStatement.executeInternal(MariaDbStatement.java:366)
	at org.mariadb.jdbc.MariaDbStatement.execute(MariaDbStatement.java:504)
	at org.hibernate.tool.schema.internal.exec.GenerationTargetToDatabase.accept(GenerationTargetToDatabase.java:54)
	... 16 common frames omitted
Caused by: org.mariadb.jdbc.internal.util.exceptions.MariaDbSqlException: Table 'project-1.ersreimbursement' doesn't exist
	at org.mariadb.jdbc.internal.util.exceptions.MariaDbSqlException.of(MariaDbSqlException.java:34)
	at org.mariadb.jdbc.internal.protocol.AbstractQueryProtocol.exceptionWithQuery(AbstractQueryProtocol.java:194)
	at org.mariadb.jdbc.internal.protocol.AbstractQueryProtocol.executeQuery(AbstractQueryProtocol.java:262)
	at org.mariadb.jdbc.MariaDbStatement.executeInternal(MariaDbStatement.java:360)
	... 18 common frames omitted
Caused by: java.sql.SQLException: Table 'project-1.ersreimbursement' doesn't exist
	at org.mariadb.jdbc.internal.protocol.AbstractQueryProtocol.readErrorPacket(AbstractQueryProtocol.java:1694)
	at org.mariadb.jdbc.internal.protocol.AbstractQueryProtocol.readPacket(AbstractQueryProtocol.java:1556)
	at org.mariadb.jdbc.internal.protocol.AbstractQueryProtocol.getResult(AbstractQueryProtocol.java:1519)
	at org.mariadb.jdbc.internal.protocol.AbstractQueryProtocol.executeQuery(AbstractQueryProtocol.java:256)
	... 19 common frames omitted
20 Aug 2021 - 17:31:16.259 [main] WARN  o.h.t.s.i.ExceptionHandlerLoggedImpl - GenerationTarget encountered exception accepting command : Error executing DDL "alter table ersreimbursement drop foreign key if exists FKdnms858b6664y023o0ea222i0" via JDBC Statement
org.hibernate.tool.schema.spi.CommandAcceptanceException: Error executing DDL "alter table ersreimbursement drop foreign key if exists FKdnms858b6664y023o0ea222i0" via JDBC Statement
	at org.hibernate.tool.schema.internal.exec.GenerationTargetToDatabase.accept(GenerationTargetToDatabase.java:67)
	at org.hibernate.tool.schema.internal.SchemaDropperImpl.applySqlString(SchemaDropperImpl.java:375)
	at org.hibernate.tool.schema.internal.SchemaDropperImpl.applySqlStrings(SchemaDropperImpl.java:359)
	at org.hibernate.tool.schema.internal.SchemaDropperImpl.applyConstraintDropping(SchemaDropperImpl.java:331)
	at org.hibernate.tool.schema.internal.SchemaDropperImpl.dropFromMetadata(SchemaDropperImpl.java:230)
	at org.hibernate.tool.schema.internal.SchemaDropperImpl.performDrop(SchemaDropperImpl.java:154)
	at org.hibernate.tool.schema.internal.SchemaDropperImpl.doDrop(SchemaDropperImpl.java:126)
	at org.hibernate.tool.schema.internal.SchemaDropperImpl.doDrop(SchemaDropperImpl.java:112)
	at org.hibernate.tool.schema.spi.SchemaManagementToolCoordinator.performDatabaseAction(SchemaManagementToolCoordinator.java:153)
	at org.hibernate.tool.schema.spi.SchemaManagementToolCoordinator.process(SchemaManagementToolCoordinator.java:81)
	at org.hibernate.internal.SessionFactoryImpl.<init>(SessionFactoryImpl.java:327)
	at org.hibernate.boot.internal.SessionFactoryBuilderImpl.build(SessionFactoryBuilderImpl.java:471)
	at org.hibernate.cfg.Configuration.buildSessionFactory(Configuration.java:728)
	at org.hibernate.cfg.Configuration.buildSessionFactory(Configuration.java:744)
	at com.revature.util.SessionFactorySingleton.getSessionFactory(SessionFactorySingleton.java:17)
	at com.revature.util.PopulateDataInDatabase.populateReinbursementStatus_ReinbursementType_UserRole(PopulateDataInDatabase.java:19)
	at com.revature.util.PopulateDataInDatabase.main(PopulateDataInDatabase.java:15)
Caused by: java.sql.SQLSyntaxErrorException: (conn=6991) Table 'project-1.ersreimbursement' doesn't exist
	at org.mariadb.jdbc.internal.util.exceptions.ExceptionFactory.createException(ExceptionFactory.java:62)
	at org.mariadb.jdbc.internal.util.exceptions.ExceptionFactory.create(ExceptionFactory.java:158)
	at org.mariadb.jdbc.MariaDbStatement.executeExceptionEpilogue(MariaDbStatement.java:266)
	at org.mariadb.jdbc.MariaDbStatement.executeInternal(MariaDbStatement.java:366)
	at org.mariadb.jdbc.MariaDbStatement.execute(MariaDbStatement.java:504)
	at org.hibernate.tool.schema.internal.exec.GenerationTargetToDatabase.accept(GenerationTargetToDatabase.java:54)
	... 16 common frames omitted
Caused by: org.mariadb.jdbc.internal.util.exceptions.MariaDbSqlException: Table 'project-1.ersreimbursement' doesn't exist
	at org.mariadb.jdbc.internal.util.exceptions.MariaDbSqlException.of(MariaDbSqlException.java:34)
	at org.mariadb.jdbc.internal.protocol.AbstractQueryProtocol.exceptionWithQuery(AbstractQueryProtocol.java:194)
	at org.mariadb.jdbc.internal.protocol.AbstractQueryProtocol.executeQuery(AbstractQueryProtocol.java:262)
	at org.mariadb.jdbc.MariaDbStatement.executeInternal(MariaDbStatement.java:360)
	... 18 common frames omitted
Caused by: java.sql.SQLException: Table 'project-1.ersreimbursement' doesn't exist
	at org.mariadb.jdbc.internal.protocol.AbstractQueryProtocol.readErrorPacket(AbstractQueryProtocol.java:1694)
	at org.mariadb.jdbc.internal.protocol.AbstractQueryProtocol.readPacket(AbstractQueryProtocol.java:1556)
	at org.mariadb.jdbc.internal.protocol.AbstractQueryProtocol.getResult(AbstractQueryProtocol.java:1519)
	at org.mariadb.jdbc.internal.protocol.AbstractQueryProtocol.executeQuery(AbstractQueryProtocol.java:256)
	... 19 common frames omitted
20 Aug 2021 - 17:31:16.306 [main] WARN  o.h.t.s.i.ExceptionHandlerLoggedImpl - GenerationTarget encountered exception accepting command : Error executing DDL "alter table ersreimbursement drop foreign key if exists FKodm3gfae0qma4kx3132bvq7n8" via JDBC Statement
org.hibernate.tool.schema.spi.CommandAcceptanceException: Error executing DDL "alter table ersreimbursement drop foreign key if exists FKodm3gfae0qma4kx3132bvq7n8" via JDBC Statement
	at org.hibernate.tool.schema.internal.exec.GenerationTargetToDatabase.accept(GenerationTargetToDatabase.java:67)
	at org.hibernate.tool.schema.internal.SchemaDropperImpl.applySqlString(SchemaDropperImpl.java:375)
	at org.hibernate.tool.schema.internal.SchemaDropperImpl.applySqlStrings(SchemaDropperImpl.java:359)
	at org.hibernate.tool.schema.internal.SchemaDropperImpl.applyConstraintDropping(SchemaDropperImpl.java:331)
	at org.hibernate.tool.schema.internal.SchemaDropperImpl.dropFromMetadata(SchemaDropperImpl.java:230)
	at org.hibernate.tool.schema.internal.SchemaDropperImpl.performDrop(SchemaDropperImpl.java:154)
	at org.hibernate.tool.schema.internal.SchemaDropperImpl.doDrop(SchemaDropperImpl.java:126)
	at org.hibernate.tool.schema.internal.SchemaDropperImpl.doDrop(SchemaDropperImpl.java:112)
	at org.hibernate.tool.schema.spi.SchemaManagementToolCoordinator.performDatabaseAction(SchemaManagementToolCoordinator.java:153)
	at org.hibernate.tool.schema.spi.SchemaManagementToolCoordinator.process(SchemaManagementToolCoordinator.java:81)
	at org.hibernate.internal.SessionFactoryImpl.<init>(SessionFactoryImpl.java:327)
	at org.hibernate.boot.internal.SessionFactoryBuilderImpl.build(SessionFactoryBuilderImpl.java:471)
	at org.hibernate.cfg.Configuration.buildSessionFactory(Configuration.java:728)
	at org.hibernate.cfg.Configuration.buildSessionFactory(Configuration.java:744)
	at com.revature.util.SessionFactorySingleton.getSessionFactory(SessionFactorySingleton.java:17)
	at com.revature.util.PopulateDataInDatabase.populateReinbursementStatus_ReinbursementType_UserRole(PopulateDataInDatabase.java:19)
	at com.revature.util.PopulateDataInDatabase.main(PopulateDataInDatabase.java:15)
Caused by: java.sql.SQLSyntaxErrorException: (conn=6991) Table 'project-1.ersreimbursement' doesn't exist
	at org.mariadb.jdbc.internal.util.exceptions.ExceptionFactory.createException(ExceptionFactory.java:62)
	at org.mariadb.jdbc.internal.util.exceptions.ExceptionFactory.create(ExceptionFactory.java:158)
	at org.mariadb.jdbc.MariaDbStatement.executeExceptionEpilogue(MariaDbStatement.java:266)
	at org.mariadb.jdbc.MariaDbStatement.executeInternal(MariaDbStatement.java:366)
	at org.mariadb.jdbc.MariaDbStatement.execute(MariaDbStatement.java:504)
	at org.hibernate.tool.schema.internal.exec.GenerationTargetToDatabase.accept(GenerationTargetToDatabase.java:54)
	... 16 common frames omitted
Caused by: org.mariadb.jdbc.internal.util.exceptions.MariaDbSqlException: Table 'project-1.ersreimbursement' doesn't exist
	at org.mariadb.jdbc.internal.util.exceptions.MariaDbSqlException.of(MariaDbSqlException.java:34)
	at org.mariadb.jdbc.internal.protocol.AbstractQueryProtocol.exceptionWithQuery(AbstractQueryProtocol.java:194)
	at org.mariadb.jdbc.internal.protocol.AbstractQueryProtocol.executeQuery(AbstractQueryProtocol.java:262)
	at org.mariadb.jdbc.MariaDbStatement.executeInternal(MariaDbStatement.java:360)
	... 18 common frames omitted
Caused by: java.sql.SQLException: Table 'project-1.ersreimbursement' doesn't exist
	at org.mariadb.jdbc.internal.protocol.AbstractQueryProtocol.readErrorPacket(AbstractQueryProtocol.java:1694)
	at org.mariadb.jdbc.internal.protocol.AbstractQueryProtocol.readPacket(AbstractQueryProtocol.java:1556)
	at org.mariadb.jdbc.internal.protocol.AbstractQueryProtocol.getResult(AbstractQueryProtocol.java:1519)
	at org.mariadb.jdbc.internal.protocol.AbstractQueryProtocol.executeQuery(AbstractQueryProtocol.java:256)
	... 19 common frames omitted
20 Aug 2021 - 17:31:16.351 [main] WARN  o.h.t.s.i.ExceptionHandlerLoggedImpl - GenerationTarget encountered exception accepting command : Error executing DDL "alter table ersuser drop foreign key if exists FK64mnihdn57a3c0q8vl25vvheq" via JDBC Statement
org.hibernate.tool.schema.spi.CommandAcceptanceException: Error executing DDL "alter table ersuser drop foreign key if exists FK64mnihdn57a3c0q8vl25vvheq" via JDBC Statement
	at org.hibernate.tool.schema.internal.exec.GenerationTargetToDatabase.accept(GenerationTargetToDatabase.java:67)
	at org.hibernate.tool.schema.internal.SchemaDropperImpl.applySqlString(SchemaDropperImpl.java:375)
	at org.hibernate.tool.schema.internal.SchemaDropperImpl.applySqlStrings(SchemaDropperImpl.java:359)
	at org.hibernate.tool.schema.internal.SchemaDropperImpl.applyConstraintDropping(SchemaDropperImpl.java:331)
	at org.hibernate.tool.schema.internal.SchemaDropperImpl.dropFromMetadata(SchemaDropperImpl.java:230)
	at org.hibernate.tool.schema.internal.SchemaDropperImpl.performDrop(SchemaDropperImpl.java:154)
	at org.hibernate.tool.schema.internal.SchemaDropperImpl.doDrop(SchemaDropperImpl.java:126)
	at org.hibernate.tool.schema.internal.SchemaDropperImpl.doDrop(SchemaDropperImpl.java:112)
	at org.hibernate.tool.schema.spi.SchemaManagementToolCoordinator.performDatabaseAction(SchemaManagementToolCoordinator.java:153)
	at org.hibernate.tool.schema.spi.SchemaManagementToolCoordinator.process(SchemaManagementToolCoordinator.java:81)
	at org.hibernate.internal.SessionFactoryImpl.<init>(SessionFactoryImpl.java:327)
	at org.hibernate.boot.internal.SessionFactoryBuilderImpl.build(SessionFactoryBuilderImpl.java:471)
	at org.hibernate.cfg.Configuration.buildSessionFactory(Configuration.java:728)
	at org.hibernate.cfg.Configuration.buildSessionFactory(Configuration.java:744)
	at com.revature.util.SessionFactorySingleton.getSessionFactory(SessionFactorySingleton.java:17)
	at com.revature.util.PopulateDataInDatabase.populateReinbursementStatus_ReinbursementType_UserRole(PopulateDataInDatabase.java:19)
	at com.revature.util.PopulateDataInDatabase.main(PopulateDataInDatabase.java:15)
Caused by: java.sql.SQLSyntaxErrorException: (conn=6991) Table 'project-1.ersuser' doesn't exist
	at org.mariadb.jdbc.internal.util.exceptions.ExceptionFactory.createException(ExceptionFactory.java:62)
	at org.mariadb.jdbc.internal.util.exceptions.ExceptionFactory.create(ExceptionFactory.java:158)
	at org.mariadb.jdbc.MariaDbStatement.executeExceptionEpilogue(MariaDbStatement.java:266)
	at org.mariadb.jdbc.MariaDbStatement.executeInternal(MariaDbStatement.java:366)
	at org.mariadb.jdbc.MariaDbStatement.execute(MariaDbStatement.java:504)
	at org.hibernate.tool.schema.internal.exec.GenerationTargetToDatabase.accept(GenerationTargetToDatabase.java:54)
	... 16 common frames omitted
Caused by: org.mariadb.jdbc.internal.util.exceptions.MariaDbSqlException: Table 'project-1.ersuser' doesn't exist
	at org.mariadb.jdbc.internal.util.exceptions.MariaDbSqlException.of(MariaDbSqlException.java:34)
	at org.mariadb.jdbc.internal.protocol.AbstractQueryProtocol.exceptionWithQuery(AbstractQueryProtocol.java:194)
	at org.mariadb.jdbc.internal.protocol.AbstractQueryProtocol.executeQuery(AbstractQueryProtocol.java:262)
	at org.mariadb.jdbc.MariaDbStatement.executeInternal(MariaDbStatement.java:360)
	... 18 common frames omitted
Caused by: java.sql.SQLException: Table 'project-1.ersuser' doesn't exist
	at org.mariadb.jdbc.internal.protocol.AbstractQueryProtocol.readErrorPacket(AbstractQueryProtocol.java:1694)
	at org.mariadb.jdbc.internal.protocol.AbstractQueryProtocol.readPacket(AbstractQueryProtocol.java:1556)
	at org.mariadb.jdbc.internal.protocol.AbstractQueryProtocol.getResult(AbstractQueryProtocol.java:1519)
	at org.mariadb.jdbc.internal.protocol.AbstractQueryProtocol.executeQuery(AbstractQueryProtocol.java:256)
	... 19 common frames omitted
20 Aug 2021 - 17:31:16.929 [main] INFO  org.hibernate.orm.connections.access - HHH10001501: Connection obtained from JdbcConnectionAccess [org.hibernate.engine.jdbc.env.internal.JdbcEnvironmentInitiator$ConnectionProviderJdbcConnectionAccess@493ac8d3] for (non-JTA) DDL execution was not in auto-commit mode; the Connection 'local transaction' will be committed and the Connection will be set into auto-commit mode.
20 Aug 2021 - 17:31:18.269 [main] INFO  o.h.e.t.j.p.i.JtaPlatformInitiator - HHH000490: Using JtaPlatform implementation: [org.hibernate.engine.transaction.jta.platform.internal.NoJtaPlatform]
24 Aug 2021 - 09:05:47.227 [main] INFO  org.hibernate.Version - HHH000412: Hibernate ORM core version 5.5.6.Final
24 Aug 2021 - 09:05:48.434 [main] INFO  o.h.annotations.common.Version - HCANN000001: Hibernate Commons Annotations {5.1.2.Final}
24 Aug 2021 - 09:05:48.865 [main] WARN  o.hibernate.orm.connections.pooling - HHH10001002: Using Hibernate built-in connection pool (not for production use!)
24 Aug 2021 - 09:05:48.876 [main] INFO  o.hibernate.orm.connections.pooling - HHH10001005: using driver [org.mariadb.jdbc.Driver] at URL [jdbc:mariadb://database-1.calk4kcivfod.us-east-2.rds.amazonaws.com:3306/project-1]
24 Aug 2021 - 09:05:48.877 [main] INFO  o.hibernate.orm.connections.pooling - HHH10001001: Connection properties: {password=****, user=admin}
24 Aug 2021 - 09:05:48.877 [main] INFO  o.hibernate.orm.connections.pooling - HHH10001003: Autocommit mode: false
24 Aug 2021 - 09:05:48.884 [main] INFO  o.h.e.j.c.i.DriverManagerConnectionProviderImpl - HHH000115: Hibernate connection pool size: 20 (min=1)
24 Aug 2021 - 09:05:49.779 [main] INFO  org.hibernate.dialect.Dialect - HHH000400: Using dialect: org.hibernate.dialect.MariaDB103Dialect
24 Aug 2021 - 09:05:51.657 [main] INFO  org.hibernate.orm.connections.access - HHH10001501: Connection obtained from JdbcConnectionAccess [org.hibernate.engine.jdbc.env.internal.JdbcEnvironmentInitiator$ConnectionProviderJdbcConnectionAccess@ae73c80] for (non-JTA) DDL execution was not in auto-commit mode; the Connection 'local transaction' will be committed and the Connection will be set into auto-commit mode.
24 Aug 2021 - 09:05:52.453 [main] INFO  org.hibernate.orm.connections.access - HHH10001501: Connection obtained from JdbcConnectionAccess [org.hibernate.engine.jdbc.env.internal.JdbcEnvironmentInitiator$ConnectionProviderJdbcConnectionAccess@64f981e2] for (non-JTA) DDL execution was not in auto-commit mode; the Connection 'local transaction' will be committed and the Connection will be set into auto-commit mode.
24 Aug 2021 - 09:05:53.748 [main] INFO  o.h.e.t.j.p.i.JtaPlatformInitiator - HHH000490: Using JtaPlatform implementation: [org.hibernate.engine.transaction.jta.platform.internal.NoJtaPlatform]
24 Aug 2021 - 09:09:02.521 [main] INFO  org.hibernate.Version - HHH000412: Hibernate ORM core version 5.5.6.Final
24 Aug 2021 - 09:09:03.643 [main] INFO  o.h.annotations.common.Version - HCANN000001: Hibernate Commons Annotations {5.1.2.Final}
24 Aug 2021 - 09:09:04.161 [main] WARN  o.hibernate.orm.connections.pooling - HHH10001002: Using Hibernate built-in connection pool (not for production use!)
24 Aug 2021 - 09:09:04.177 [main] INFO  o.hibernate.orm.connections.pooling - HHH10001005: using driver [org.mariadb.jdbc.Driver] at URL [jdbc:mariadb://database-1.calk4kcivfod.us-east-2.rds.amazonaws.com:3306/project-1]
24 Aug 2021 - 09:09:04.179 [main] INFO  o.hibernate.orm.connections.pooling - HHH10001001: Connection properties: {password=****, user=admin}
24 Aug 2021 - 09:09:04.180 [main] INFO  o.hibernate.orm.connections.pooling - HHH10001003: Autocommit mode: false
24 Aug 2021 - 09:09:04.195 [main] INFO  o.h.e.j.c.i.DriverManagerConnectionProviderImpl - HHH000115: Hibernate connection pool size: 20 (min=1)
24 Aug 2021 - 09:09:04.792 [main] INFO  org.hibernate.dialect.Dialect - HHH000400: Using dialect: org.hibernate.dialect.MariaDB103Dialect
24 Aug 2021 - 09:09:07.108 [main] INFO  org.hibernate.orm.connections.access - HHH10001501: Connection obtained from JdbcConnectionAccess [org.hibernate.engine.jdbc.env.internal.JdbcEnvironmentInitiator$ConnectionProviderJdbcConnectionAccess@1a3e8e24] for (non-JTA) DDL execution was not in auto-commit mode; the Connection 'local transaction' will be committed and the Connection will be set into auto-commit mode.
24 Aug 2021 - 09:09:07.806 [main] INFO  org.hibernate.orm.connections.access - HHH10001501: Connection obtained from JdbcConnectionAccess [org.hibernate.engine.jdbc.env.internal.JdbcEnvironmentInitiator$ConnectionProviderJdbcConnectionAccess@75e09567] for (non-JTA) DDL execution was not in auto-commit mode; the Connection 'local transaction' will be committed and the Connection will be set into auto-commit mode.
24 Aug 2021 - 09:09:09.511 [main] INFO  o.h.e.t.j.p.i.JtaPlatformInitiator - HHH000490: Using JtaPlatform implementation: [org.hibernate.engine.transaction.jta.platform.internal.NoJtaPlatform]
24 Aug 2021 - 09:31:33.716 [main] INFO  org.hibernate.Version - HHH000412: Hibernate ORM core version 5.5.6.Final
24 Aug 2021 - 09:31:35.299 [main] INFO  o.h.annotations.common.Version - HCANN000001: Hibernate Commons Annotations {5.1.2.Final}
24 Aug 2021 - 09:31:35.673 [main] WARN  o.hibernate.orm.connections.pooling - HHH10001002: Using Hibernate built-in connection pool (not for production use!)
24 Aug 2021 - 09:31:35.683 [main] INFO  o.hibernate.orm.connections.pooling - HHH10001005: using driver [org.mariadb.jdbc.Driver] at URL [jdbc:mariadb://database-1.calk4kcivfod.us-east-2.rds.amazonaws.com:3306/project-1]
24 Aug 2021 - 09:31:35.683 [main] INFO  o.hibernate.orm.connections.pooling - HHH10001001: Connection properties: {password=****, user=admin}
24 Aug 2021 - 09:31:35.684 [main] INFO  o.hibernate.orm.connections.pooling - HHH10001003: Autocommit mode: false
24 Aug 2021 - 09:31:35.691 [main] INFO  o.h.e.j.c.i.DriverManagerConnectionProviderImpl - HHH000115: Hibernate connection pool size: 20 (min=1)
24 Aug 2021 - 09:31:36.340 [main] INFO  org.hibernate.dialect.Dialect - HHH000400: Using dialect: org.hibernate.dialect.MariaDB103Dialect
24 Aug 2021 - 09:33:09.964 [main] INFO  org.hibernate.Version - HHH000412: Hibernate ORM core version 5.5.6.Final
24 Aug 2021 - 09:33:11.308 [main] INFO  o.h.annotations.common.Version - HCANN000001: Hibernate Commons Annotations {5.1.2.Final}
24 Aug 2021 - 09:33:11.920 [main] WARN  o.hibernate.orm.connections.pooling - HHH10001002: Using Hibernate built-in connection pool (not for production use!)
24 Aug 2021 - 09:33:11.935 [main] INFO  o.hibernate.orm.connections.pooling - HHH10001005: using driver [org.mariadb.jdbc.Driver] at URL [jdbc:mariadb://database-1.calk4kcivfod.us-east-2.rds.amazonaws.com:3306/project-1]
24 Aug 2021 - 09:33:11.936 [main] INFO  o.hibernate.orm.connections.pooling - HHH10001001: Connection properties: {password=****, user=admin}
24 Aug 2021 - 09:33:11.936 [main] INFO  o.hibernate.orm.connections.pooling - HHH10001003: Autocommit mode: false
24 Aug 2021 - 09:33:11.947 [main] INFO  o.h.e.j.c.i.DriverManagerConnectionProviderImpl - HHH000115: Hibernate connection pool size: 20 (min=1)
24 Aug 2021 - 09:33:12.636 [main] INFO  org.hibernate.dialect.Dialect - HHH000400: Using dialect: org.hibernate.dialect.MariaDB103Dialect
24 Aug 2021 - 09:35:14.496 [main] INFO  org.hibernate.Version - HHH000412: Hibernate ORM core version 5.5.6.Final
24 Aug 2021 - 09:35:16.195 [main] INFO  o.h.annotations.common.Version - HCANN000001: Hibernate Commons Annotations {5.1.2.Final}
24 Aug 2021 - 09:35:17.026 [main] WARN  o.hibernate.orm.connections.pooling - HHH10001002: Using Hibernate built-in connection pool (not for production use!)
24 Aug 2021 - 09:35:17.040 [main] INFO  o.hibernate.orm.connections.pooling - HHH10001005: using driver [org.mariadb.jdbc.Driver] at URL [jdbc:mariadb://database-1.calk4kcivfod.us-east-2.rds.amazonaws.com:3306/project-1]
24 Aug 2021 - 09:35:17.044 [main] INFO  o.hibernate.orm.connections.pooling - HHH10001001: Connection properties: {password=****, user=admin}
24 Aug 2021 - 09:35:17.045 [main] INFO  o.hibernate.orm.connections.pooling - HHH10001003: Autocommit mode: false
24 Aug 2021 - 09:35:17.057 [main] INFO  o.h.e.j.c.i.DriverManagerConnectionProviderImpl - HHH000115: Hibernate connection pool size: 20 (min=1)
24 Aug 2021 - 09:35:17.943 [main] INFO  org.hibernate.dialect.Dialect - HHH000400: Using dialect: org.hibernate.dialect.MariaDB103Dialect
24 Aug 2021 - 09:57:08.149 [main] INFO  org.hibernate.Version - HHH000412: Hibernate ORM core version 5.5.6.Final
24 Aug 2021 - 09:57:09.894 [main] INFO  o.h.annotations.common.Version - HCANN000001: Hibernate Commons Annotations {5.1.2.Final}
24 Aug 2021 - 09:57:10.690 [main] WARN  o.hibernate.orm.connections.pooling - HHH10001002: Using Hibernate built-in connection pool (not for production use!)
24 Aug 2021 - 09:57:10.704 [main] INFO  o.hibernate.orm.connections.pooling - HHH10001005: using driver [org.mariadb.jdbc.Driver] at URL [jdbc:mariadb://database-1.calk4kcivfod.us-east-2.rds.amazonaws.com:3306/project-1]
24 Aug 2021 - 09:57:10.705 [main] INFO  o.hibernate.orm.connections.pooling - HHH10001001: Connection properties: {password=****, user=admin}
24 Aug 2021 - 09:57:10.707 [main] INFO  o.hibernate.orm.connections.pooling - HHH10001003: Autocommit mode: false
24 Aug 2021 - 09:57:10.717 [main] INFO  o.h.e.j.c.i.DriverManagerConnectionProviderImpl - HHH000115: Hibernate connection pool size: 20 (min=1)
24 Aug 2021 - 09:57:11.420 [main] INFO  org.hibernate.dialect.Dialect - HHH000400: Using dialect: org.hibernate.dialect.MariaDB103Dialect
24 Aug 2021 - 09:57:13.687 [main] INFO  org.hibernate.orm.connections.access - HHH10001501: Connection obtained from JdbcConnectionAccess [org.hibernate.engine.jdbc.env.internal.JdbcEnvironmentInitiator$ConnectionProviderJdbcConnectionAccess@ae73c80] for (non-JTA) DDL execution was not in auto-commit mode; the Connection 'local transaction' will be committed and the Connection will be set into auto-commit mode.
24 Aug 2021 - 09:57:14.306 [main] INFO  org.hibernate.orm.connections.access - HHH10001501: Connection obtained from JdbcConnectionAccess [org.hibernate.engine.jdbc.env.internal.JdbcEnvironmentInitiator$ConnectionProviderJdbcConnectionAccess@64f981e2] for (non-JTA) DDL execution was not in auto-commit mode; the Connection 'local transaction' will be committed and the Connection will be set into auto-commit mode.
24 Aug 2021 - 09:57:15.298 [main] INFO  o.h.e.t.j.p.i.JtaPlatformInitiator - HHH000490: Using JtaPlatform implementation: [org.hibernate.engine.transaction.jta.platform.internal.NoJtaPlatform]
24 Aug 2021 - 14:38:40.743 [main] INFO  org.hibernate.Version - HHH000412: Hibernate ORM core version 5.5.6.Final
24 Aug 2021 - 14:38:42.622 [main] INFO  o.h.annotations.common.Version - HCANN000001: Hibernate Commons Annotations {5.1.2.Final}
24 Aug 2021 - 14:38:43.301 [main] WARN  o.hibernate.orm.connections.pooling - HHH10001002: Using Hibernate built-in connection pool (not for production use!)
24 Aug 2021 - 14:38:43.323 [main] INFO  o.hibernate.orm.connections.pooling - HHH10001005: using driver [org.mariadb.jdbc.Driver] at URL [jdbc:mariadb://database-1.calk4kcivfod.us-east-2.rds.amazonaws.com:3306/project-1]
24 Aug 2021 - 14:38:43.324 [main] INFO  o.hibernate.orm.connections.pooling - HHH10001001: Connection properties: {password=****, user=admin}
24 Aug 2021 - 14:38:43.325 [main] INFO  o.hibernate.orm.connections.pooling - HHH10001003: Autocommit mode: false
24 Aug 2021 - 14:38:43.337 [main] INFO  o.h.e.j.c.i.DriverManagerConnectionProviderImpl - HHH000115: Hibernate connection pool size: 20 (min=1)
24 Aug 2021 - 14:38:44.165 [main] INFO  org.hibernate.dialect.Dialect - HHH000400: Using dialect: org.hibernate.dialect.MariaDB103Dialect
24 Aug 2021 - 14:38:46.574 [main] INFO  org.hibernate.orm.connections.access - HHH10001501: Connection obtained from JdbcConnectionAccess [org.hibernate.engine.jdbc.env.internal.JdbcEnvironmentInitiator$ConnectionProviderJdbcConnectionAccess@6a756082] for (non-JTA) DDL execution was not in auto-commit mode; the Connection 'local transaction' will be committed and the Connection will be set into auto-commit mode.
24 Aug 2021 - 14:38:47.232 [main] INFO  org.hibernate.orm.connections.access - HHH10001501: Connection obtained from JdbcConnectionAccess [org.hibernate.engine.jdbc.env.internal.JdbcEnvironmentInitiator$ConnectionProviderJdbcConnectionAccess@bbd4791] for (non-JTA) DDL execution was not in auto-commit mode; the Connection 'local transaction' will be committed and the Connection will be set into auto-commit mode.
24 Aug 2021 - 14:38:48.226 [main] INFO  o.h.e.t.j.p.i.JtaPlatformInitiator - HHH000490: Using JtaPlatform implementation: [org.hibernate.engine.transaction.jta.platform.internal.NoJtaPlatform]
24 Aug 2021 - 14:38:48.910 [main] WARN  o.h.e.jdbc.spi.SqlExceptionHelper - SQL Error: 1062, SQLState: 23000
24 Aug 2021 - 14:38:48.911 [main] ERROR o.h.e.jdbc.spi.SqlExceptionHelper - (conn=8064) Duplicate entry '123' for key 'UK_se463u06sukugc3aywd7ncv9k'
24 Aug 2021 - 14:39:49.114 [main] INFO  org.hibernate.Version - HHH000412: Hibernate ORM core version 5.5.6.Final
24 Aug 2021 - 14:39:50.665 [main] INFO  o.h.annotations.common.Version - HCANN000001: Hibernate Commons Annotations {5.1.2.Final}
24 Aug 2021 - 14:39:51.244 [main] WARN  o.hibernate.orm.connections.pooling - HHH10001002: Using Hibernate built-in connection pool (not for production use!)
24 Aug 2021 - 14:39:51.260 [main] INFO  o.hibernate.orm.connections.pooling - HHH10001005: using driver [org.mariadb.jdbc.Driver] at URL [jdbc:mariadb://database-1.calk4kcivfod.us-east-2.rds.amazonaws.com:3306/project-1]
24 Aug 2021 - 14:39:51.261 [main] INFO  o.hibernate.orm.connections.pooling - HHH10001001: Connection properties: {password=****, user=admin}
24 Aug 2021 - 14:39:51.261 [main] INFO  o.hibernate.orm.connections.pooling - HHH10001003: Autocommit mode: false
24 Aug 2021 - 14:39:51.269 [main] INFO  o.h.e.j.c.i.DriverManagerConnectionProviderImpl - HHH000115: Hibernate connection pool size: 20 (min=1)
24 Aug 2021 - 14:39:51.982 [main] INFO  org.hibernate.dialect.Dialect - HHH000400: Using dialect: org.hibernate.dialect.MariaDB103Dialect
24 Aug 2021 - 14:39:54.166 [main] INFO  org.hibernate.orm.connections.access - HHH10001501: Connection obtained from JdbcConnectionAccess [org.hibernate.engine.jdbc.env.internal.JdbcEnvironmentInitiator$ConnectionProviderJdbcConnectionAccess@ae73c80] for (non-JTA) DDL execution was not in auto-commit mode; the Connection 'local transaction' will be committed and the Connection will be set into auto-commit mode.
24 Aug 2021 - 14:39:55.201 [main] INFO  org.hibernate.orm.connections.access - HHH10001501: Connection obtained from JdbcConnectionAccess [org.hibernate.engine.jdbc.env.internal.JdbcEnvironmentInitiator$ConnectionProviderJdbcConnectionAccess@64f981e2] for (non-JTA) DDL execution was not in auto-commit mode; the Connection 'local transaction' will be committed and the Connection will be set into auto-commit mode.
24 Aug 2021 - 14:39:56.290 [main] INFO  o.h.e.t.j.p.i.JtaPlatformInitiator - HHH000490: Using JtaPlatform implementation: [org.hibernate.engine.transaction.jta.platform.internal.NoJtaPlatform]
24 Aug 2021 - 14:54:59.493 [main] INFO  org.hibernate.Version - HHH000412: Hibernate ORM core version 5.5.6.Final
24 Aug 2021 - 14:55:00.784 [main] INFO  o.h.annotations.common.Version - HCANN000001: Hibernate Commons Annotations {5.1.2.Final}
24 Aug 2021 - 14:55:01.301 [main] WARN  o.hibernate.orm.connections.pooling - HHH10001002: Using Hibernate built-in connection pool (not for production use!)
24 Aug 2021 - 14:55:01.317 [main] INFO  o.hibernate.orm.connections.pooling - HHH10001005: using driver [org.mariadb.jdbc.Driver] at URL [jdbc:mariadb://database-1.calk4kcivfod.us-east-2.rds.amazonaws.com:3306/project-1]
24 Aug 2021 - 14:55:01.319 [main] INFO  o.hibernate.orm.connections.pooling - HHH10001001: Connection properties: {password=****, user=admin}
24 Aug 2021 - 14:55:01.320 [main] INFO  o.hibernate.orm.connections.pooling - HHH10001003: Autocommit mode: false
24 Aug 2021 - 14:55:01.333 [main] INFO  o.h.e.j.c.i.DriverManagerConnectionProviderImpl - HHH000115: Hibernate connection pool size: 20 (min=1)
24 Aug 2021 - 14:55:02.006 [main] INFO  org.hibernate.dialect.Dialect - HHH000400: Using dialect: org.hibernate.dialect.MariaDB103Dialect
24 Aug 2021 - 14:55:04.033 [main] INFO  org.hibernate.orm.connections.access - HHH10001501: Connection obtained from JdbcConnectionAccess [org.hibernate.engine.jdbc.env.internal.JdbcEnvironmentInitiator$ConnectionProviderJdbcConnectionAccess@ae73c80] for (non-JTA) DDL execution was not in auto-commit mode; the Connection 'local transaction' will be committed and the Connection will be set into auto-commit mode.
24 Aug 2021 - 14:55:04.909 [main] INFO  org.hibernate.orm.connections.access - HHH10001501: Connection obtained from JdbcConnectionAccess [org.hibernate.engine.jdbc.env.internal.JdbcEnvironmentInitiator$ConnectionProviderJdbcConnectionAccess@64f981e2] for (non-JTA) DDL execution was not in auto-commit mode; the Connection 'local transaction' will be committed and the Connection will be set into auto-commit mode.
24 Aug 2021 - 14:55:06.000 [main] INFO  o.h.e.t.j.p.i.JtaPlatformInitiator - HHH000490: Using JtaPlatform implementation: [org.hibernate.engine.transaction.jta.platform.internal.NoJtaPlatform]
24 Aug 2021 - 14:57:39.578 [main] INFO  org.hibernate.Version - HHH000412: Hibernate ORM core version 5.5.6.Final
24 Aug 2021 - 14:57:40.676 [main] INFO  o.h.annotations.common.Version - HCANN000001: Hibernate Commons Annotations {5.1.2.Final}
24 Aug 2021 - 14:57:41.007 [main] WARN  o.hibernate.orm.connections.pooling - HHH10001002: Using Hibernate built-in connection pool (not for production use!)
24 Aug 2021 - 14:57:41.014 [main] INFO  o.hibernate.orm.connections.pooling - HHH10001005: using driver [org.mariadb.jdbc.Driver] at URL [jdbc:mariadb://database-1.calk4kcivfod.us-east-2.rds.amazonaws.com:3306/project-1]
24 Aug 2021 - 14:57:41.015 [main] INFO  o.hibernate.orm.connections.pooling - HHH10001001: Connection properties: {password=****, user=admin}
24 Aug 2021 - 14:57:41.016 [main] INFO  o.hibernate.orm.connections.pooling - HHH10001003: Autocommit mode: false
24 Aug 2021 - 14:57:41.023 [main] INFO  o.h.e.j.c.i.DriverManagerConnectionProviderImpl - HHH000115: Hibernate connection pool size: 20 (min=1)
24 Aug 2021 - 14:57:41.658 [main] INFO  org.hibernate.dialect.Dialect - HHH000400: Using dialect: org.hibernate.dialect.MariaDB103Dialect
24 Aug 2021 - 14:57:44.009 [main] INFO  org.hibernate.orm.connections.access - HHH10001501: Connection obtained from JdbcConnectionAccess [org.hibernate.engine.jdbc.env.internal.JdbcEnvironmentInitiator$ConnectionProviderJdbcConnectionAccess@ae73c80] for (non-JTA) DDL execution was not in auto-commit mode; the Connection 'local transaction' will be committed and the Connection will be set into auto-commit mode.
24 Aug 2021 - 14:57:44.857 [main] INFO  org.hibernate.orm.connections.access - HHH10001501: Connection obtained from JdbcConnectionAccess [org.hibernate.engine.jdbc.env.internal.JdbcEnvironmentInitiator$ConnectionProviderJdbcConnectionAccess@64f981e2] for (non-JTA) DDL execution was not in auto-commit mode; the Connection 'local transaction' will be committed and the Connection will be set into auto-commit mode.
24 Aug 2021 - 14:57:46.234 [main] INFO  o.h.e.t.j.p.i.JtaPlatformInitiator - HHH000490: Using JtaPlatform implementation: [org.hibernate.engine.transaction.jta.platform.internal.NoJtaPlatform]
24 Aug 2021 - 15:54:01.470 [main] INFO  org.hibernate.Version - HHH000412: Hibernate ORM core version 5.5.6.Final
24 Aug 2021 - 15:54:02.340 [main] INFO  o.h.annotations.common.Version - HCANN000001: Hibernate Commons Annotations {5.1.2.Final}
24 Aug 2021 - 15:54:02.626 [main] WARN  o.hibernate.orm.connections.pooling - HHH10001002: Using Hibernate built-in connection pool (not for production use!)
24 Aug 2021 - 15:54:02.631 [main] INFO  o.hibernate.orm.connections.pooling - HHH10001005: using driver [org.mariadb.jdbc.Driver] at URL [jdbc:mariadb://database-1.calk4kcivfod.us-east-2.rds.amazonaws.com:3306/project-1]
24 Aug 2021 - 15:54:02.631 [main] INFO  o.hibernate.orm.connections.pooling - HHH10001001: Connection properties: {password=****, user=admin}
24 Aug 2021 - 15:54:02.632 [main] INFO  o.hibernate.orm.connections.pooling - HHH10001003: Autocommit mode: false
24 Aug 2021 - 15:54:02.635 [main] INFO  o.h.e.j.c.i.DriverManagerConnectionProviderImpl - HHH000115: Hibernate connection pool size: 20 (min=1)
24 Aug 2021 - 15:54:03.116 [main] INFO  org.hibernate.dialect.Dialect - HHH000400: Using dialect: org.hibernate.dialect.MariaDB103Dialect
24 Aug 2021 - 15:54:04.188 [main] INFO  org.hibernate.orm.connections.access - HHH10001501: Connection obtained from JdbcConnectionAccess [org.hibernate.engine.jdbc.env.internal.JdbcEnvironmentInitiator$ConnectionProviderJdbcConnectionAccess@ae73c80] for (non-JTA) DDL execution was not in auto-commit mode; the Connection 'local transaction' will be committed and the Connection will be set into auto-commit mode.
24 Aug 2021 - 15:54:04.802 [main] INFO  org.hibernate.orm.connections.access - HHH10001501: Connection obtained from JdbcConnectionAccess [org.hibernate.engine.jdbc.env.internal.JdbcEnvironmentInitiator$ConnectionProviderJdbcConnectionAccess@64f981e2] for (non-JTA) DDL execution was not in auto-commit mode; the Connection 'local transaction' will be committed and the Connection will be set into auto-commit mode.
24 Aug 2021 - 15:54:05.795 [main] INFO  o.h.e.t.j.p.i.JtaPlatformInitiator - HHH000490: Using JtaPlatform implementation: [org.hibernate.engine.transaction.jta.platform.internal.NoJtaPlatform]
24 Aug 2021 - 15:56:17.374 [main] INFO  org.hibernate.Version - HHH000412: Hibernate ORM core version 5.5.6.Final
24 Aug 2021 - 15:56:18.295 [main] INFO  o.h.annotations.common.Version - HCANN000001: Hibernate Commons Annotations {5.1.2.Final}
24 Aug 2021 - 15:56:18.621 [main] WARN  o.hibernate.orm.connections.pooling - HHH10001002: Using Hibernate built-in connection pool (not for production use!)
24 Aug 2021 - 15:56:18.627 [main] INFO  o.hibernate.orm.connections.pooling - HHH10001005: using driver [org.mariadb.jdbc.Driver] at URL [jdbc:mariadb://database-1.calk4kcivfod.us-east-2.rds.amazonaws.com:3306/project-1]
24 Aug 2021 - 15:56:18.627 [main] INFO  o.hibernate.orm.connections.pooling - HHH10001001: Connection properties: {password=****, user=admin}
24 Aug 2021 - 15:56:18.627 [main] INFO  o.hibernate.orm.connections.pooling - HHH10001003: Autocommit mode: false
24 Aug 2021 - 15:56:18.632 [main] INFO  o.h.e.j.c.i.DriverManagerConnectionProviderImpl - HHH000115: Hibernate connection pool size: 20 (min=1)
24 Aug 2021 - 15:56:19.283 [main] INFO  org.hibernate.dialect.Dialect - HHH000400: Using dialect: org.hibernate.dialect.MariaDB103Dialect
24 Aug 2021 - 15:56:20.367 [main] INFO  org.hibernate.orm.connections.access - HHH10001501: Connection obtained from JdbcConnectionAccess [org.hibernate.engine.jdbc.env.internal.JdbcEnvironmentInitiator$ConnectionProviderJdbcConnectionAccess@ae73c80] for (non-JTA) DDL execution was not in auto-commit mode; the Connection 'local transaction' will be committed and the Connection will be set into auto-commit mode.
24 Aug 2021 - 15:56:21.008 [main] INFO  org.hibernate.orm.connections.access - HHH10001501: Connection obtained from JdbcConnectionAccess [org.hibernate.engine.jdbc.env.internal.JdbcEnvironmentInitiator$ConnectionProviderJdbcConnectionAccess@64f981e2] for (non-JTA) DDL execution was not in auto-commit mode; the Connection 'local transaction' will be committed and the Connection will be set into auto-commit mode.
24 Aug 2021 - 15:56:21.998 [main] INFO  o.h.e.t.j.p.i.JtaPlatformInitiator - HHH000490: Using JtaPlatform implementation: [org.hibernate.engine.transaction.jta.platform.internal.NoJtaPlatform]
24 Aug 2021 - 15:57:10.069 [main] INFO  org.hibernate.Version - HHH000412: Hibernate ORM core version 5.5.6.Final
24 Aug 2021 - 15:57:11.207 [main] INFO  o.h.annotations.common.Version - HCANN000001: Hibernate Commons Annotations {5.1.2.Final}
24 Aug 2021 - 15:57:11.527 [main] WARN  o.hibernate.orm.connections.pooling - HHH10001002: Using Hibernate built-in connection pool (not for production use!)
24 Aug 2021 - 15:57:11.532 [main] INFO  o.hibernate.orm.connections.pooling - HHH10001005: using driver [org.mariadb.jdbc.Driver] at URL [jdbc:mariadb://database-1.calk4kcivfod.us-east-2.rds.amazonaws.com:3306/project-1]
24 Aug 2021 - 15:57:11.532 [main] INFO  o.hibernate.orm.connections.pooling - HHH10001001: Connection properties: {password=****, user=admin}
24 Aug 2021 - 15:57:11.533 [main] INFO  o.hibernate.orm.connections.pooling - HHH10001003: Autocommit mode: false
24 Aug 2021 - 15:57:11.537 [main] INFO  o.h.e.j.c.i.DriverManagerConnectionProviderImpl - HHH000115: Hibernate connection pool size: 20 (min=1)
24 Aug 2021 - 15:57:12.031 [main] INFO  org.hibernate.dialect.Dialect - HHH000400: Using dialect: org.hibernate.dialect.MariaDB103Dialect
24 Aug 2021 - 15:57:13.153 [main] INFO  org.hibernate.orm.connections.access - HHH10001501: Connection obtained from JdbcConnectionAccess [org.hibernate.engine.jdbc.env.internal.JdbcEnvironmentInitiator$ConnectionProviderJdbcConnectionAccess@2a334bac] for (non-JTA) DDL execution was not in auto-commit mode; the Connection 'local transaction' will be committed and the Connection will be set into auto-commit mode.
24 Aug 2021 - 15:57:14.286 [main] INFO  org.hibernate.orm.connections.access - HHH10001501: Connection obtained from JdbcConnectionAccess [org.hibernate.engine.jdbc.env.internal.JdbcEnvironmentInitiator$ConnectionProviderJdbcConnectionAccess@3bec5821] for (non-JTA) DDL execution was not in auto-commit mode; the Connection 'local transaction' will be committed and the Connection will be set into auto-commit mode.
24 Aug 2021 - 15:57:15.262 [main] INFO  o.h.e.t.j.p.i.JtaPlatformInitiator - HHH000490: Using JtaPlatform implementation: [org.hibernate.engine.transaction.jta.platform.internal.NoJtaPlatform]
24 Aug 2021 - 16:01:23.924 [main] INFO  org.hibernate.Version - HHH000412: Hibernate ORM core version 5.5.6.Final
24 Aug 2021 - 16:01:24.949 [main] INFO  o.h.annotations.common.Version - HCANN000001: Hibernate Commons Annotations {5.1.2.Final}
24 Aug 2021 - 16:01:25.302 [main] WARN  o.hibernate.orm.connections.pooling - HHH10001002: Using Hibernate built-in connection pool (not for production use!)
24 Aug 2021 - 16:01:25.308 [main] INFO  o.hibernate.orm.connections.pooling - HHH10001005: using driver [org.mariadb.jdbc.Driver] at URL [jdbc:mariadb://database-1.calk4kcivfod.us-east-2.rds.amazonaws.com:3306/project-1]
24 Aug 2021 - 16:01:25.309 [main] INFO  o.hibernate.orm.connections.pooling - HHH10001001: Connection properties: {password=****, user=admin}
24 Aug 2021 - 16:01:25.309 [main] INFO  o.hibernate.orm.connections.pooling - HHH10001003: Autocommit mode: false
24 Aug 2021 - 16:01:25.315 [main] INFO  o.h.e.j.c.i.DriverManagerConnectionProviderImpl - HHH000115: Hibernate connection pool size: 20 (min=1)
24 Aug 2021 - 16:01:25.918 [main] INFO  org.hibernate.dialect.Dialect - HHH000400: Using dialect: org.hibernate.dialect.MariaDB103Dialect
24 Aug 2021 - 16:01:27.481 [main] INFO  org.hibernate.orm.connections.access - HHH10001501: Connection obtained from JdbcConnectionAccess [org.hibernate.engine.jdbc.env.internal.JdbcEnvironmentInitiator$ConnectionProviderJdbcConnectionAccess@ae73c80] for (non-JTA) DDL execution was not in auto-commit mode; the Connection 'local transaction' will be committed and the Connection will be set into auto-commit mode.
24 Aug 2021 - 16:01:28.108 [main] INFO  org.hibernate.orm.connections.access - HHH10001501: Connection obtained from JdbcConnectionAccess [org.hibernate.engine.jdbc.env.internal.JdbcEnvironmentInitiator$ConnectionProviderJdbcConnectionAccess@64f981e2] for (non-JTA) DDL execution was not in auto-commit mode; the Connection 'local transaction' will be committed and the Connection will be set into auto-commit mode.
24 Aug 2021 - 16:01:29.072 [main] INFO  o.h.e.t.j.p.i.JtaPlatformInitiator - HHH000490: Using JtaPlatform implementation: [org.hibernate.engine.transaction.jta.platform.internal.NoJtaPlatform]
24 Aug 2021 - 21:03:04.097 [main] INFO  org.hibernate.Version - HHH000412: Hibernate ORM core version 5.5.6.Final
24 Aug 2021 - 21:03:05.889 [main] INFO  o.h.annotations.common.Version - HCANN000001: Hibernate Commons Annotations {5.1.2.Final}
24 Aug 2021 - 21:03:06.546 [main] WARN  o.hibernate.orm.connections.pooling - HHH10001002: Using Hibernate built-in connection pool (not for production use!)
24 Aug 2021 - 21:03:06.564 [main] INFO  o.hibernate.orm.connections.pooling - HHH10001005: using driver [org.mariadb.jdbc.Driver] at URL [jdbc:mariadb://database-1.calk4kcivfod.us-east-2.rds.amazonaws.com:3306/project-1]
24 Aug 2021 - 21:03:06.566 [main] INFO  o.hibernate.orm.connections.pooling - HHH10001001: Connection properties: {password=****, user=admin}
24 Aug 2021 - 21:03:06.567 [main] INFO  o.hibernate.orm.connections.pooling - HHH10001003: Autocommit mode: false
24 Aug 2021 - 21:03:06.578 [main] INFO  o.h.e.j.c.i.DriverManagerConnectionProviderImpl - HHH000115: Hibernate connection pool size: 20 (min=1)
24 Aug 2021 - 21:03:07.292 [main] INFO  org.hibernate.dialect.Dialect - HHH000400: Using dialect: org.hibernate.dialect.MariaDB103Dialect
24 Aug 2021 - 21:03:10.202 [main] INFO  org.hibernate.orm.connections.access - HHH10001501: Connection obtained from JdbcConnectionAccess [org.hibernate.engine.jdbc.env.internal.JdbcEnvironmentInitiator$ConnectionProviderJdbcConnectionAccess@6949e948] for (non-JTA) DDL execution was not in auto-commit mode; the Connection 'local transaction' will be committed and the Connection will be set into auto-commit mode.
24 Aug 2021 - 21:03:11.421 [main] INFO  org.hibernate.orm.connections.access - HHH10001501: Connection obtained from JdbcConnectionAccess [org.hibernate.engine.jdbc.env.internal.JdbcEnvironmentInitiator$ConnectionProviderJdbcConnectionAccess@355c94be] for (non-JTA) DDL execution was not in auto-commit mode; the Connection 'local transaction' will be committed and the Connection will be set into auto-commit mode.
24 Aug 2021 - 21:03:12.481 [main] INFO  o.h.e.t.j.p.i.JtaPlatformInitiator - HHH000490: Using JtaPlatform implementation: [org.hibernate.engine.transaction.jta.platform.internal.NoJtaPlatform]
24 Aug 2021 - 21:03:25.109 [main] INFO  org.hibernate.Version - HHH000412: Hibernate ORM core version 5.5.6.Final
24 Aug 2021 - 21:03:26.459 [main] INFO  o.h.annotations.common.Version - HCANN000001: Hibernate Commons Annotations {5.1.2.Final}
24 Aug 2021 - 21:03:26.981 [main] WARN  o.hibernate.orm.connections.pooling - HHH10001002: Using Hibernate built-in connection pool (not for production use!)
24 Aug 2021 - 21:03:26.987 [main] INFO  o.hibernate.orm.connections.pooling - HHH10001005: using driver [org.mariadb.jdbc.Driver] at URL [jdbc:mariadb://database-1.calk4kcivfod.us-east-2.rds.amazonaws.com:3306/project-1]
24 Aug 2021 - 21:03:26.988 [main] INFO  o.hibernate.orm.connections.pooling - HHH10001001: Connection properties: {password=****, user=admin}
24 Aug 2021 - 21:03:26.989 [main] INFO  o.hibernate.orm.connections.pooling - HHH10001003: Autocommit mode: false
24 Aug 2021 - 21:03:26.993 [main] INFO  o.h.e.j.c.i.DriverManagerConnectionProviderImpl - HHH000115: Hibernate connection pool size: 20 (min=1)
24 Aug 2021 - 21:03:27.698 [main] INFO  org.hibernate.dialect.Dialect - HHH000400: Using dialect: org.hibernate.dialect.MariaDB103Dialect
24 Aug 2021 - 21:03:29.566 [main] INFO  org.hibernate.orm.connections.access - HHH10001501: Connection obtained from JdbcConnectionAccess [org.hibernate.engine.jdbc.env.internal.JdbcEnvironmentInitiator$ConnectionProviderJdbcConnectionAccess@2daf06fc] for (non-JTA) DDL execution was not in auto-commit mode; the Connection 'local transaction' will be committed and the Connection will be set into auto-commit mode.
24 Aug 2021 - 21:03:30.245 [main] INFO  org.hibernate.orm.connections.access - HHH10001501: Connection obtained from JdbcConnectionAccess [org.hibernate.engine.jdbc.env.internal.JdbcEnvironmentInitiator$ConnectionProviderJdbcConnectionAccess@2db4ad1] for (non-JTA) DDL execution was not in auto-commit mode; the Connection 'local transaction' will be committed and the Connection will be set into auto-commit mode.
24 Aug 2021 - 21:03:31.307 [main] INFO  o.h.e.t.j.p.i.JtaPlatformInitiator - HHH000490: Using JtaPlatform implementation: [org.hibernate.engine.transaction.jta.platform.internal.NoJtaPlatform]
24 Aug 2021 - 23:33:47.258 [main] INFO  org.hibernate.Version - HHH000412: Hibernate ORM core version 5.5.6.Final
24 Aug 2021 - 23:33:49.506 [main] INFO  o.h.annotations.common.Version - HCANN000001: Hibernate Commons Annotations {5.1.2.Final}
24 Aug 2021 - 23:33:50.023 [main] WARN  o.hibernate.orm.connections.pooling - HHH10001002: Using Hibernate built-in connection pool (not for production use!)
24 Aug 2021 - 23:33:50.035 [main] INFO  o.hibernate.orm.connections.pooling - HHH10001005: using driver [org.mariadb.jdbc.Driver] at URL [jdbc:mariadb://database-1.calk4kcivfod.us-east-2.rds.amazonaws.com:3306/project-1]
24 Aug 2021 - 23:33:50.037 [main] INFO  o.hibernate.orm.connections.pooling - HHH10001001: Connection properties: {password=****, user=admin}
24 Aug 2021 - 23:33:50.038 [main] INFO  o.hibernate.orm.connections.pooling - HHH10001003: Autocommit mode: false
24 Aug 2021 - 23:33:50.046 [main] INFO  o.h.e.j.c.i.DriverManagerConnectionProviderImpl - HHH000115: Hibernate connection pool size: 20 (min=1)
24 Aug 2021 - 23:33:50.862 [main] INFO  org.hibernate.dialect.Dialect - HHH000400: Using dialect: org.hibernate.dialect.MariaDB103Dialect
24 Aug 2021 - 23:33:53.241 [main] INFO  org.hibernate.orm.connections.access - HHH10001501: Connection obtained from JdbcConnectionAccess [org.hibernate.engine.jdbc.env.internal.JdbcEnvironmentInitiator$ConnectionProviderJdbcConnectionAccess@257ef9ed] for (non-JTA) DDL execution was not in auto-commit mode; the Connection 'local transaction' will be committed and the Connection will be set into auto-commit mode.
24 Aug 2021 - 23:33:53.989 [main] INFO  org.hibernate.orm.connections.access - HHH10001501: Connection obtained from JdbcConnectionAccess [org.hibernate.engine.jdbc.env.internal.JdbcEnvironmentInitiator$ConnectionProviderJdbcConnectionAccess@44be69aa] for (non-JTA) DDL execution was not in auto-commit mode; the Connection 'local transaction' will be committed and the Connection will be set into auto-commit mode.
24 Aug 2021 - 23:33:54.967 [main] INFO  o.h.e.t.j.p.i.JtaPlatformInitiator - HHH000490: Using JtaPlatform implementation: [org.hibernate.engine.transaction.jta.platform.internal.NoJtaPlatform]
25 Aug 2021 - 00:39:26.501 [main] INFO  org.hibernate.Version - HHH000412: Hibernate ORM core version 5.5.6.Final
25 Aug 2021 - 00:39:27.394 [main] INFO  o.h.annotations.common.Version - HCANN000001: Hibernate Commons Annotations {5.1.2.Final}
25 Aug 2021 - 00:39:27.703 [main] WARN  o.hibernate.orm.connections.pooling - HHH10001002: Using Hibernate built-in connection pool (not for production use!)
25 Aug 2021 - 00:39:27.709 [main] INFO  o.hibernate.orm.connections.pooling - HHH10001005: using driver [org.mariadb.jdbc.Driver] at URL [jdbc:mariadb://database-1.calk4kcivfod.us-east-2.rds.amazonaws.com:3306/project-1]
25 Aug 2021 - 00:39:27.709 [main] INFO  o.hibernate.orm.connections.pooling - HHH10001001: Connection properties: {password=****, user=admin}
25 Aug 2021 - 00:39:27.709 [main] INFO  o.hibernate.orm.connections.pooling - HHH10001003: Autocommit mode: false
25 Aug 2021 - 00:39:27.714 [main] INFO  o.h.e.j.c.i.DriverManagerConnectionProviderImpl - HHH000115: Hibernate connection pool size: 20 (min=1)
25 Aug 2021 - 00:39:28.229 [main] INFO  org.hibernate.dialect.Dialect - HHH000400: Using dialect: org.hibernate.dialect.MariaDB103Dialect
25 Aug 2021 - 00:39:29.357 [main] INFO  org.hibernate.orm.connections.access - HHH10001501: Connection obtained from JdbcConnectionAccess [org.hibernate.engine.jdbc.env.internal.JdbcEnvironmentInitiator$ConnectionProviderJdbcConnectionAccess@3ddeaa5f] for (non-JTA) DDL execution was not in auto-commit mode; the Connection 'local transaction' will be committed and the Connection will be set into auto-commit mode.
25 Aug 2021 - 00:39:30.011 [main] INFO  org.hibernate.orm.connections.access - HHH10001501: Connection obtained from JdbcConnectionAccess [org.hibernate.engine.jdbc.env.internal.JdbcEnvironmentInitiator$ConnectionProviderJdbcConnectionAccess@7c781c42] for (non-JTA) DDL execution was not in auto-commit mode; the Connection 'local transaction' will be committed and the Connection will be set into auto-commit mode.
25 Aug 2021 - 00:39:31.006 [main] INFO  o.h.e.t.j.p.i.JtaPlatformInitiator - HHH000490: Using JtaPlatform implementation: [org.hibernate.engine.transaction.jta.platform.internal.NoJtaPlatform]
25 Aug 2021 - 00:42:52.948 [main] INFO  org.hibernate.Version - HHH000412: Hibernate ORM core version 5.5.6.Final
25 Aug 2021 - 00:42:53.694 [main] INFO  o.h.annotations.common.Version - HCANN000001: Hibernate Commons Annotations {5.1.2.Final}
25 Aug 2021 - 00:42:53.928 [main] WARN  o.hibernate.orm.connections.pooling - HHH10001002: Using Hibernate built-in connection pool (not for production use!)
25 Aug 2021 - 00:42:53.932 [main] INFO  o.hibernate.orm.connections.pooling - HHH10001005: using driver [org.mariadb.jdbc.Driver] at URL [jdbc:mariadb://database-1.calk4kcivfod.us-east-2.rds.amazonaws.com:3306/project-1]
25 Aug 2021 - 00:42:53.933 [main] INFO  o.hibernate.orm.connections.pooling - HHH10001001: Connection properties: {password=****, user=admin}
25 Aug 2021 - 00:42:53.933 [main] INFO  o.hibernate.orm.connections.pooling - HHH10001003: Autocommit mode: false
25 Aug 2021 - 00:42:53.936 [main] INFO  o.h.e.j.c.i.DriverManagerConnectionProviderImpl - HHH000115: Hibernate connection pool size: 20 (min=1)
25 Aug 2021 - 00:42:54.433 [main] INFO  org.hibernate.dialect.Dialect - HHH000400: Using dialect: org.hibernate.dialect.MariaDB103Dialect
25 Aug 2021 - 00:42:55.741 [main] INFO  org.hibernate.orm.connections.access - HHH10001501: Connection obtained from JdbcConnectionAccess [org.hibernate.engine.jdbc.env.internal.JdbcEnvironmentInitiator$ConnectionProviderJdbcConnectionAccess@2a334bac] for (non-JTA) DDL execution was not in auto-commit mode; the Connection 'local transaction' will be committed and the Connection will be set into auto-commit mode.
25 Aug 2021 - 00:42:56.366 [main] INFO  org.hibernate.orm.connections.access - HHH10001501: Connection obtained from JdbcConnectionAccess [org.hibernate.engine.jdbc.env.internal.JdbcEnvironmentInitiator$ConnectionProviderJdbcConnectionAccess@3bec5821] for (non-JTA) DDL execution was not in auto-commit mode; the Connection 'local transaction' will be committed and the Connection will be set into auto-commit mode.
25 Aug 2021 - 00:42:57.324 [main] INFO  o.h.e.t.j.p.i.JtaPlatformInitiator - HHH000490: Using JtaPlatform implementation: [org.hibernate.engine.transaction.jta.platform.internal.NoJtaPlatform]
25 Aug 2021 - 00:52:04.827 [main] INFO  org.hibernate.Version - HHH000412: Hibernate ORM core version 5.5.6.Final
25 Aug 2021 - 00:52:05.539 [main] INFO  o.h.annotations.common.Version - HCANN000001: Hibernate Commons Annotations {5.1.2.Final}
25 Aug 2021 - 00:52:05.781 [main] WARN  o.hibernate.orm.connections.pooling - HHH10001002: Using Hibernate built-in connection pool (not for production use!)
25 Aug 2021 - 00:52:05.786 [main] INFO  o.hibernate.orm.connections.pooling - HHH10001005: using driver [org.mariadb.jdbc.Driver] at URL [jdbc:mariadb://database-1.calk4kcivfod.us-east-2.rds.amazonaws.com:3306/project-1]
25 Aug 2021 - 00:52:05.787 [main] INFO  o.hibernate.orm.connections.pooling - HHH10001001: Connection properties: {password=****, user=admin}
25 Aug 2021 - 00:52:05.787 [main] INFO  o.hibernate.orm.connections.pooling - HHH10001003: Autocommit mode: false
25 Aug 2021 - 00:52:05.791 [main] INFO  o.h.e.j.c.i.DriverManagerConnectionProviderImpl - HHH000115: Hibernate connection pool size: 20 (min=1)
25 Aug 2021 - 00:52:06.259 [main] INFO  org.hibernate.dialect.Dialect - HHH000400: Using dialect: org.hibernate.dialect.MariaDB103Dialect
25 Aug 2021 - 00:52:07.260 [main] INFO  org.hibernate.orm.connections.access - HHH10001501: Connection obtained from JdbcConnectionAccess [org.hibernate.engine.jdbc.env.internal.JdbcEnvironmentInitiator$ConnectionProviderJdbcConnectionAccess@257ef9ed] for (non-JTA) DDL execution was not in auto-commit mode; the Connection 'local transaction' will be committed and the Connection will be set into auto-commit mode.
25 Aug 2021 - 00:52:07.909 [main] INFO  org.hibernate.orm.connections.access - HHH10001501: Connection obtained from JdbcConnectionAccess [org.hibernate.engine.jdbc.env.internal.JdbcEnvironmentInitiator$ConnectionProviderJdbcConnectionAccess@44be69aa] for (non-JTA) DDL execution was not in auto-commit mode; the Connection 'local transaction' will be committed and the Connection will be set into auto-commit mode.
25 Aug 2021 - 00:52:08.912 [main] INFO  o.h.e.t.j.p.i.JtaPlatformInitiator - HHH000490: Using JtaPlatform implementation: [org.hibernate.engine.transaction.jta.platform.internal.NoJtaPlatform]
25 Aug 2021 - 00:53:35.816 [main] INFO  org.hibernate.Version - HHH000412: Hibernate ORM core version 5.5.6.Final
25 Aug 2021 - 00:53:36.529 [main] INFO  o.h.annotations.common.Version - HCANN000001: Hibernate Commons Annotations {5.1.2.Final}
25 Aug 2021 - 00:53:36.889 [main] WARN  o.hibernate.orm.connections.pooling - HHH10001002: Using Hibernate built-in connection pool (not for production use!)
25 Aug 2021 - 00:53:36.894 [main] INFO  o.hibernate.orm.connections.pooling - HHH10001005: using driver [org.mariadb.jdbc.Driver] at URL [jdbc:mariadb://database-1.calk4kcivfod.us-east-2.rds.amazonaws.com:3306/project-1]
25 Aug 2021 - 00:53:36.894 [main] INFO  o.hibernate.orm.connections.pooling - HHH10001001: Connection properties: {password=****, user=admin}
25 Aug 2021 - 00:53:36.895 [main] INFO  o.hibernate.orm.connections.pooling - HHH10001003: Autocommit mode: false
25 Aug 2021 - 00:53:36.898 [main] INFO  o.h.e.j.c.i.DriverManagerConnectionProviderImpl - HHH000115: Hibernate connection pool size: 20 (min=1)
25 Aug 2021 - 00:53:37.432 [main] INFO  org.hibernate.dialect.Dialect - HHH000400: Using dialect: org.hibernate.dialect.MariaDB103Dialect
25 Aug 2021 - 00:53:38.763 [main] INFO  org.hibernate.orm.connections.access - HHH10001501: Connection obtained from JdbcConnectionAccess [org.hibernate.engine.jdbc.env.internal.JdbcEnvironmentInitiator$ConnectionProviderJdbcConnectionAccess@257ef9ed] for (non-JTA) DDL execution was not in auto-commit mode; the Connection 'local transaction' will be committed and the Connection will be set into auto-commit mode.
25 Aug 2021 - 00:53:39.419 [main] INFO  org.hibernate.orm.connections.access - HHH10001501: Connection obtained from JdbcConnectionAccess [org.hibernate.engine.jdbc.env.internal.JdbcEnvironmentInitiator$ConnectionProviderJdbcConnectionAccess@44be69aa] for (non-JTA) DDL execution was not in auto-commit mode; the Connection 'local transaction' will be committed and the Connection will be set into auto-commit mode.
25 Aug 2021 - 00:53:40.377 [main] INFO  o.h.e.t.j.p.i.JtaPlatformInitiator - HHH000490: Using JtaPlatform implementation: [org.hibernate.engine.transaction.jta.platform.internal.NoJtaPlatform]
25 Aug 2021 - 00:57:53.344 [main] INFO  org.hibernate.Version - HHH000412: Hibernate ORM core version 5.5.6.Final
25 Aug 2021 - 00:57:54.066 [main] INFO  o.h.annotations.common.Version - HCANN000001: Hibernate Commons Annotations {5.1.2.Final}
25 Aug 2021 - 00:57:54.333 [main] WARN  o.hibernate.orm.connections.pooling - HHH10001002: Using Hibernate built-in connection pool (not for production use!)
25 Aug 2021 - 00:57:54.339 [main] INFO  o.hibernate.orm.connections.pooling - HHH10001005: using driver [org.mariadb.jdbc.Driver] at URL [jdbc:mariadb://database-1.calk4kcivfod.us-east-2.rds.amazonaws.com:3306/project-1]
25 Aug 2021 - 00:57:54.339 [main] INFO  o.hibernate.orm.connections.pooling - HHH10001001: Connection properties: {password=****, user=admin}
25 Aug 2021 - 00:57:54.339 [main] INFO  o.hibernate.orm.connections.pooling - HHH10001003: Autocommit mode: false
25 Aug 2021 - 00:57:54.343 [main] INFO  o.h.e.j.c.i.DriverManagerConnectionProviderImpl - HHH000115: Hibernate connection pool size: 20 (min=1)
25 Aug 2021 - 00:57:54.828 [main] INFO  org.hibernate.dialect.Dialect - HHH000400: Using dialect: org.hibernate.dialect.MariaDB103Dialect
25 Aug 2021 - 00:57:55.882 [main] INFO  org.hibernate.orm.connections.access - HHH10001501: Connection obtained from JdbcConnectionAccess [org.hibernate.engine.jdbc.env.internal.JdbcEnvironmentInitiator$ConnectionProviderJdbcConnectionAccess@257ef9ed] for (non-JTA) DDL execution was not in auto-commit mode; the Connection 'local transaction' will be committed and the Connection will be set into auto-commit mode.
25 Aug 2021 - 00:57:56.510 [main] INFO  org.hibernate.orm.connections.access - HHH10001501: Connection obtained from JdbcConnectionAccess [org.hibernate.engine.jdbc.env.internal.JdbcEnvironmentInitiator$ConnectionProviderJdbcConnectionAccess@44be69aa] for (non-JTA) DDL execution was not in auto-commit mode; the Connection 'local transaction' will be committed and the Connection will be set into auto-commit mode.
25 Aug 2021 - 00:57:57.458 [main] INFO  o.h.e.t.j.p.i.JtaPlatformInitiator - HHH000490: Using JtaPlatform implementation: [org.hibernate.engine.transaction.jta.platform.internal.NoJtaPlatform]
25 Aug 2021 - 00:59:10.719 [main] INFO  org.hibernate.Version - HHH000412: Hibernate ORM core version 5.5.6.Final
25 Aug 2021 - 00:59:11.390 [main] INFO  o.h.annotations.common.Version - HCANN000001: Hibernate Commons Annotations {5.1.2.Final}
25 Aug 2021 - 00:59:11.633 [main] WARN  o.hibernate.orm.connections.pooling - HHH10001002: Using Hibernate built-in connection pool (not for production use!)
25 Aug 2021 - 00:59:11.637 [main] INFO  o.hibernate.orm.connections.pooling - HHH10001005: using driver [org.mariadb.jdbc.Driver] at URL [jdbc:mariadb://database-1.calk4kcivfod.us-east-2.rds.amazonaws.com:3306/project-1]
25 Aug 2021 - 00:59:11.638 [main] INFO  o.hibernate.orm.connections.pooling - HHH10001001: Connection properties: {password=****, user=admin}
25 Aug 2021 - 00:59:11.638 [main] INFO  o.hibernate.orm.connections.pooling - HHH10001003: Autocommit mode: false
25 Aug 2021 - 00:59:11.641 [main] INFO  o.h.e.j.c.i.DriverManagerConnectionProviderImpl - HHH000115: Hibernate connection pool size: 20 (min=1)
25 Aug 2021 - 00:59:12.097 [main] INFO  org.hibernate.dialect.Dialect - HHH000400: Using dialect: org.hibernate.dialect.MariaDB103Dialect
25 Aug 2021 - 00:59:13.149 [main] INFO  org.hibernate.orm.connections.access - HHH10001501: Connection obtained from JdbcConnectionAccess [org.hibernate.engine.jdbc.env.internal.JdbcEnvironmentInitiator$ConnectionProviderJdbcConnectionAccess@257ef9ed] for (non-JTA) DDL execution was not in auto-commit mode; the Connection 'local transaction' will be committed and the Connection will be set into auto-commit mode.
25 Aug 2021 - 00:59:13.774 [main] INFO  org.hibernate.orm.connections.access - HHH10001501: Connection obtained from JdbcConnectionAccess [org.hibernate.engine.jdbc.env.internal.JdbcEnvironmentInitiator$ConnectionProviderJdbcConnectionAccess@44be69aa] for (non-JTA) DDL execution was not in auto-commit mode; the Connection 'local transaction' will be committed and the Connection will be set into auto-commit mode.
25 Aug 2021 - 00:59:14.714 [main] INFO  o.h.e.t.j.p.i.JtaPlatformInitiator - HHH000490: Using JtaPlatform implementation: [org.hibernate.engine.transaction.jta.platform.internal.NoJtaPlatform]
25 Aug 2021 - 01:01:25.975 [main] INFO  org.hibernate.Version - HHH000412: Hibernate ORM core version 5.5.6.Final
25 Aug 2021 - 01:01:26.695 [main] INFO  o.h.annotations.common.Version - HCANN000001: Hibernate Commons Annotations {5.1.2.Final}
25 Aug 2021 - 01:01:27.027 [main] WARN  o.hibernate.orm.connections.pooling - HHH10001002: Using Hibernate built-in connection pool (not for production use!)
25 Aug 2021 - 01:01:27.034 [main] INFO  o.hibernate.orm.connections.pooling - HHH10001005: using driver [org.mariadb.jdbc.Driver] at URL [jdbc:mariadb://database-1.calk4kcivfod.us-east-2.rds.amazonaws.com:3306/project-1]
25 Aug 2021 - 01:01:27.035 [main] INFO  o.hibernate.orm.connections.pooling - HHH10001001: Connection properties: {password=****, user=admin}
25 Aug 2021 - 01:01:27.035 [main] INFO  o.hibernate.orm.connections.pooling - HHH10001003: Autocommit mode: false
25 Aug 2021 - 01:01:27.041 [main] INFO  o.h.e.j.c.i.DriverManagerConnectionProviderImpl - HHH000115: Hibernate connection pool size: 20 (min=1)
25 Aug 2021 - 01:01:27.518 [main] INFO  org.hibernate.dialect.Dialect - HHH000400: Using dialect: org.hibernate.dialect.MariaDB103Dialect
25 Aug 2021 - 01:01:28.785 [main] INFO  org.hibernate.orm.connections.access - HHH10001501: Connection obtained from JdbcConnectionAccess [org.hibernate.engine.jdbc.env.internal.JdbcEnvironmentInitiator$ConnectionProviderJdbcConnectionAccess@6949e948] for (non-JTA) DDL execution was not in auto-commit mode; the Connection 'local transaction' will be committed and the Connection will be set into auto-commit mode.
25 Aug 2021 - 01:01:29.410 [main] INFO  org.hibernate.orm.connections.access - HHH10001501: Connection obtained from JdbcConnectionAccess [org.hibernate.engine.jdbc.env.internal.JdbcEnvironmentInitiator$ConnectionProviderJdbcConnectionAccess@355c94be] for (non-JTA) DDL execution was not in auto-commit mode; the Connection 'local transaction' will be committed and the Connection will be set into auto-commit mode.
25 Aug 2021 - 01:01:30.441 [main] INFO  o.h.e.t.j.p.i.JtaPlatformInitiator - HHH000490: Using JtaPlatform implementation: [org.hibernate.engine.transaction.jta.platform.internal.NoJtaPlatform]
25 Aug 2021 - 01:03:08.749 [main] INFO  org.hibernate.Version - HHH000412: Hibernate ORM core version 5.5.6.Final
25 Aug 2021 - 01:03:09.429 [main] INFO  o.h.annotations.common.Version - HCANN000001: Hibernate Commons Annotations {5.1.2.Final}
25 Aug 2021 - 01:03:09.666 [main] WARN  o.hibernate.orm.connections.pooling - HHH10001002: Using Hibernate built-in connection pool (not for production use!)
25 Aug 2021 - 01:03:09.670 [main] INFO  o.hibernate.orm.connections.pooling - HHH10001005: using driver [org.mariadb.jdbc.Driver] at URL [jdbc:mariadb://database-1.calk4kcivfod.us-east-2.rds.amazonaws.com:3306/project-1]
25 Aug 2021 - 01:03:09.670 [main] INFO  o.hibernate.orm.connections.pooling - HHH10001001: Connection properties: {password=****, user=admin}
25 Aug 2021 - 01:03:09.671 [main] INFO  o.hibernate.orm.connections.pooling - HHH10001003: Autocommit mode: false
25 Aug 2021 - 01:03:09.674 [main] INFO  o.h.e.j.c.i.DriverManagerConnectionProviderImpl - HHH000115: Hibernate connection pool size: 20 (min=1)
25 Aug 2021 - 01:03:10.141 [main] INFO  org.hibernate.dialect.Dialect - HHH000400: Using dialect: org.hibernate.dialect.MariaDB103Dialect
25 Aug 2021 - 01:03:11.100 [main] INFO  org.hibernate.orm.connections.access - HHH10001501: Connection obtained from JdbcConnectionAccess [org.hibernate.engine.jdbc.env.internal.JdbcEnvironmentInitiator$ConnectionProviderJdbcConnectionAccess@257ef9ed] for (non-JTA) DDL execution was not in auto-commit mode; the Connection 'local transaction' will be committed and the Connection will be set into auto-commit mode.
25 Aug 2021 - 01:03:11.744 [main] INFO  org.hibernate.orm.connections.access - HHH10001501: Connection obtained from JdbcConnectionAccess [org.hibernate.engine.jdbc.env.internal.JdbcEnvironmentInitiator$ConnectionProviderJdbcConnectionAccess@44be69aa] for (non-JTA) DDL execution was not in auto-commit mode; the Connection 'local transaction' will be committed and the Connection will be set into auto-commit mode.
25 Aug 2021 - 01:03:12.672 [main] INFO  o.h.e.t.j.p.i.JtaPlatformInitiator - HHH000490: Using JtaPlatform implementation: [org.hibernate.engine.transaction.jta.platform.internal.NoJtaPlatform]
25 Aug 2021 - 09:23:02.781 [main] INFO  io.javalin.Javalin - 
           __                      __ _
          / /____ _ _   __ ____ _ / /(_)____
     __  / // __ `/| | / // __ `// // // __ \
    / /_/ // /_/ / | |/ // /_/ // // // / / /
    \____/ \__,_/  |___/ \__,_//_//_//_/ /_/

        https://javalin.io/documentation

25 Aug 2021 - 09:23:02.843 [main] INFO  org.eclipse.jetty.util.log - Logging initialized @1467ms to org.eclipse.jetty.util.log.Slf4jLog
25 Aug 2021 - 09:23:02.845 [main] INFO  io.javalin.Javalin - Starting Javalin ...
25 Aug 2021 - 09:23:04.297 [main] INFO  io.javalin.Javalin - Listening on http://localhost:7000/
25 Aug 2021 - 09:23:04.298 [main] INFO  io.javalin.Javalin - Javalin started in 1454ms \o/
25 Aug 2021 - 09:45:25.411 [qtp556488341-23] INFO  org.hibernate.Version - HHH000412: Hibernate ORM core version 5.5.6.Final
25 Aug 2021 - 09:45:27.208 [qtp556488341-23] INFO  o.h.annotations.common.Version - HCANN000001: Hibernate Commons Annotations {5.1.2.Final}
25 Aug 2021 - 09:45:27.538 [qtp556488341-23] WARN  o.hibernate.orm.connections.pooling - HHH10001002: Using Hibernate built-in connection pool (not for production use!)
25 Aug 2021 - 09:45:27.551 [qtp556488341-23] INFO  o.hibernate.orm.connections.pooling - HHH10001005: using driver [org.mariadb.jdbc.Driver] at URL [jdbc:mariadb://database-1.calk4kcivfod.us-east-2.rds.amazonaws.com:3306/project-1]
25 Aug 2021 - 09:45:27.552 [qtp556488341-23] INFO  o.hibernate.orm.connections.pooling - HHH10001001: Connection properties: {password=****, user=admin}
25 Aug 2021 - 09:45:27.552 [qtp556488341-23] INFO  o.hibernate.orm.connections.pooling - HHH10001003: Autocommit mode: false
25 Aug 2021 - 09:45:27.560 [qtp556488341-23] INFO  o.h.e.j.c.i.DriverManagerConnectionProviderImpl - HHH000115: Hibernate connection pool size: 20 (min=1)
25 Aug 2021 - 09:45:28.204 [qtp556488341-23] INFO  org.hibernate.dialect.Dialect - HHH000400: Using dialect: org.hibernate.dialect.MariaDB103Dialect
25 Aug 2021 - 09:45:29.727 [qtp556488341-23] INFO  org.hibernate.orm.connections.access - HHH10001501: Connection obtained from JdbcConnectionAccess [org.hibernate.engine.jdbc.env.internal.JdbcEnvironmentInitiator$ConnectionProviderJdbcConnectionAccess@1ce77c9d] for (non-JTA) DDL execution was not in auto-commit mode; the Connection 'local transaction' will be committed and the Connection will be set into auto-commit mode.
25 Aug 2021 - 09:45:30.345 [qtp556488341-23] INFO  org.hibernate.orm.connections.access - HHH10001501: Connection obtained from JdbcConnectionAccess [org.hibernate.engine.jdbc.env.internal.JdbcEnvironmentInitiator$ConnectionProviderJdbcConnectionAccess@4f4de24] for (non-JTA) DDL execution was not in auto-commit mode; the Connection 'local transaction' will be committed and the Connection will be set into auto-commit mode.
25 Aug 2021 - 09:45:31.265 [qtp556488341-23] INFO  o.h.e.t.j.p.i.JtaPlatformInitiator - HHH000490: Using JtaPlatform implementation: [org.hibernate.engine.transaction.jta.platform.internal.NoJtaPlatform]
25 Aug 2021 - 09:45:31.523 [qtp556488341-23] WARN  io.javalin.Javalin - Uncaught exception
java.lang.IllegalArgumentException: org.hibernate.QueryException: could not resolve property: username of: com.revature.model.ERSUsers [FROM com.revature.model.ERSUsers u WHERE u.username = :username AND u.password = :password]
	at org.hibernate.internal.ExceptionConverterImpl.convert(ExceptionConverterImpl.java:138)
	at org.hibernate.internal.ExceptionConverterImpl.convert(ExceptionConverterImpl.java:181)
	at org.hibernate.internal.ExceptionConverterImpl.convert(ExceptionConverterImpl.java:188)
	at org.hibernate.internal.AbstractSharedSessionContract.createQuery(AbstractSharedSessionContract.java:743)
	at org.hibernate.internal.AbstractSharedSessionContract.createQuery(AbstractSharedSessionContract.java:114)
	at com.revature.dao.ersUsersDAO.getUserByUsernameAndPassword(ersUsersDAO.java:18)
	at com.revature.service.LoginService.login(LoginService.java:26)
	at com.revature.controller.LoginController.lambda$0(LoginController.java:24)
	at io.javalin.core.security.SecurityUtil.noopAccessManager(SecurityUtil.kt:23)
	at io.javalin.http.JavalinServlet$addHandler$protectedHandler$1.handle(JavalinServlet.kt:128)
	at io.javalin.http.JavalinServlet$service$2$1.invoke(JavalinServlet.kt:45)
	at io.javalin.http.JavalinServlet$service$2$1.invoke(JavalinServlet.kt:24)
	at io.javalin.http.JavalinServlet$service$1.invoke(JavalinServlet.kt:136)
	at io.javalin.http.JavalinServlet$service$2.invoke(JavalinServlet.kt:40)
	at io.javalin.http.JavalinServlet.service(JavalinServlet.kt:81)
	at javax.servlet.http.HttpServlet.service(HttpServlet.java:790)
	at io.javalin.websocket.JavalinWsServlet.service(JavalinWsServlet.kt:51)
	at javax.servlet.http.HttpServlet.service(HttpServlet.java:790)
	at org.eclipse.jetty.servlet.ServletHolder.handle(ServletHolder.java:799)
	at org.eclipse.jetty.servlet.ServletHandler.doHandle(ServletHandler.java:550)
	at org.eclipse.jetty.server.handler.ScopedHandler.nextHandle(ScopedHandler.java:233)
	at org.eclipse.jetty.server.session.SessionHandler.doHandle(SessionHandler.java:1624)
	at org.eclipse.jetty.server.handler.ScopedHandler.nextHandle(ScopedHandler.java:233)
	at io.javalin.core.JavalinServer$start$wsAndHttpHandler$1.doHandle(JavalinServer.kt:49)
	at org.eclipse.jetty.server.handler.ScopedHandler.nextScope(ScopedHandler.java:188)
	at org.eclipse.jetty.servlet.ServletHandler.doScope(ServletHandler.java:501)
	at org.eclipse.jetty.server.session.SessionHandler.doScope(SessionHandler.java:1594)
	at org.eclipse.jetty.server.handler.ScopedHandler.nextScope(ScopedHandler.java:186)
	at org.eclipse.jetty.server.handler.ContextHandler.doScope(ContextHandler.java:1349)
	at org.eclipse.jetty.server.handler.ScopedHandler.handle(ScopedHandler.java:141)
	at org.eclipse.jetty.server.handler.StatisticsHandler.handle(StatisticsHandler.java:179)
	at org.eclipse.jetty.server.handler.HandlerWrapper.handle(HandlerWrapper.java:127)
	at org.eclipse.jetty.server.Server.handle(Server.java:516)
	at org.eclipse.jetty.server.HttpChannel.lambda$handle$1(HttpChannel.java:388)
	at org.eclipse.jetty.server.HttpChannel.dispatch(HttpChannel.java:633)
	at org.eclipse.jetty.server.HttpChannel.handle(HttpChannel.java:380)
	at org.eclipse.jetty.server.HttpConnection.onFillable(HttpConnection.java:277)
	at org.eclipse.jetty.io.AbstractConnection$ReadCallback.succeeded(AbstractConnection.java:311)
	at org.eclipse.jetty.io.FillInterest.fillable(FillInterest.java:105)
	at org.eclipse.jetty.io.ChannelEndPoint$1.run(ChannelEndPoint.java:104)
	at org.eclipse.jetty.util.thread.strategy.EatWhatYouKill.runTask(EatWhatYouKill.java:338)
	at org.eclipse.jetty.util.thread.strategy.EatWhatYouKill.doProduce(EatWhatYouKill.java:315)
	at org.eclipse.jetty.util.thread.strategy.EatWhatYouKill.tryProduce(EatWhatYouKill.java:173)
	at org.eclipse.jetty.util.thread.strategy.EatWhatYouKill.run(EatWhatYouKill.java:131)
	at org.eclipse.jetty.util.thread.ReservedThreadExecutor$ReservedThread.run(ReservedThreadExecutor.java:386)
	at org.eclipse.jetty.util.thread.QueuedThreadPool.runJob(QueuedThreadPool.java:883)
	at org.eclipse.jetty.util.thread.QueuedThreadPool$Runner.run(QueuedThreadPool.java:1034)
	at java.base/java.lang.Thread.run(Thread.java:831)
Caused by: org.hibernate.QueryException: could not resolve property: username of: com.revature.model.ERSUsers [FROM com.revature.model.ERSUsers u WHERE u.username = :username AND u.password = :password]
	at org.hibernate.QueryException.generateQueryException(QueryException.java:120)
	at org.hibernate.QueryException.wrapWithQueryString(QueryException.java:103)
	at org.hibernate.hql.internal.ast.QueryTranslatorImpl.doCompile(QueryTranslatorImpl.java:220)
	at org.hibernate.hql.internal.ast.QueryTranslatorImpl.compile(QueryTranslatorImpl.java:144)
	at org.hibernate.engine.query.spi.HQLQueryPlan.<init>(HQLQueryPlan.java:113)
	at org.hibernate.engine.query.spi.HQLQueryPlan.<init>(HQLQueryPlan.java:73)
	at org.hibernate.engine.query.spi.QueryPlanCache.getHQLQueryPlan(QueryPlanCache.java:162)
	at org.hibernate.internal.AbstractSharedSessionContract.getQueryPlan(AbstractSharedSessionContract.java:622)
	at org.hibernate.internal.AbstractSharedSessionContract.createQuery(AbstractSharedSessionContract.java:734)
	... 44 common frames omitted
Caused by: org.hibernate.QueryException: could not resolve property: username of: com.revature.model.ERSUsers
	at org.hibernate.persister.entity.AbstractPropertyMapping.propertyException(AbstractPropertyMapping.java:77)
	at org.hibernate.persister.entity.AbstractPropertyMapping.toType(AbstractPropertyMapping.java:71)
	at org.hibernate.persister.entity.AbstractEntityPersister.toType(AbstractEntityPersister.java:2051)
	at org.hibernate.hql.internal.ast.tree.FromElementType.getPropertyType(FromElementType.java:412)
	at org.hibernate.hql.internal.ast.tree.FromElement.getPropertyType(FromElement.java:520)
	at org.hibernate.hql.internal.ast.tree.DotNode.getDataType(DotNode.java:695)
	at org.hibernate.hql.internal.ast.tree.DotNode.prepareLhs(DotNode.java:269)
	at org.hibernate.hql.internal.ast.tree.DotNode.resolve(DotNode.java:209)
	at org.hibernate.hql.internal.ast.HqlSqlWalker.resolve(HqlSqlWalker.java:1055)
	at org.hibernate.hql.internal.antlr.HqlSqlBaseWalker.expr(HqlSqlBaseWalker.java:1308)
	at org.hibernate.hql.internal.antlr.HqlSqlBaseWalker.exprOrSubquery(HqlSqlBaseWalker.java:4778)
	at org.hibernate.hql.internal.antlr.HqlSqlBaseWalker.comparisonExpr(HqlSqlBaseWalker.java:4244)
	at org.hibernate.hql.internal.antlr.HqlSqlBaseWalker.logicalExpr(HqlSqlBaseWalker.java:2166)
	at org.hibernate.hql.internal.antlr.HqlSqlBaseWalker.logicalExpr(HqlSqlBaseWalker.java:2091)
	at org.hibernate.hql.internal.antlr.HqlSqlBaseWalker.whereClause(HqlSqlBaseWalker.java:832)
	at org.hibernate.hql.internal.antlr.HqlSqlBaseWalker.query(HqlSqlBaseWalker.java:626)
	at org.hibernate.hql.internal.antlr.HqlSqlBaseWalker.selectStatement(HqlSqlBaseWalker.java:330)
	at org.hibernate.hql.internal.antlr.HqlSqlBaseWalker.statement(HqlSqlBaseWalker.java:278)
	at org.hibernate.hql.internal.ast.QueryTranslatorImpl.analyze(QueryTranslatorImpl.java:276)
	at org.hibernate.hql.internal.ast.QueryTranslatorImpl.doCompile(QueryTranslatorImpl.java:192)
	... 50 common frames omitted
